#
# A fatal error has been detected by the Java Runtime Environment:
#
#  EXCEPTION_ACCESS_VIOLATION (0xc0000005) at pc=0x00007ffc78ee26c4, pid=3644, tid=6596
#
# JRE version: OpenJDK Runtime Environment (24.0.1+9) (build 24.0.1+9-30)
# Java VM: OpenJDK 64-Bit Server VM (24.0.1+9-30, mixed mode, sharing, tiered, compressed oops, compressed class ptrs, g1 gc, windows-amd64)
# Problematic frame:
# C  [libasyncProfiler.dll+0x926c4]
#
# No core dump will be written. Minidumps are not enabled by default on client versions of Windows
#
# If you would like to submit a bug report, please visit:
#   https://bugreport.java.com/bugreport/crash.jsp
# The crash happened outside the Java Virtual Machine in native code.
# See problematic frame for where to report the bug.
#

---------------  S U M M A R Y ------------

Command Line: -agentlib:jdwp=transport=dt_socket,address=127.0.0.1:65210,suspend=y,server=n -javaagent:C:\Users\BASTI\AppData\Local\JetBrains\IntelliJIdea2025.1\captureAgent\debugger-agent.jar=file:///C:/Users/BASTI/AppData/Local/Temp/capture11613607414332592580.props -ea -agentpath:C:\Users\BASTI\AppData\Local\Temp\idea_libasyncProfiler_dll_temp_folder8\libasyncProfiler.dll=version,jfr,event=wall,interval=10ms,cstack=no,file=C:\Users\BASTI\IdeaSnapshots\ShoppingCartServiceTest_testSave_2025_07_10_100626.jfr,dbghelppath=C:\Users\BASTI\AppData\Local\Temp\idea_dbghelp_dll_temp_folder\dbghelp.dll,log=C:\Users\BASTI\AppData\Local\Temp\ShoppingCartServiceTest_testSave_2025_07_10_100626.jfr.log.txt,logLevel=DEBUG -Didea.test.cyclic.buffer.size=1048576 -Dkotlinx.coroutines.debug.enable.creation.stack.trace=false -Ddebugger.agent.enable.coroutines=true -Dkotlinx.coroutines.debug.enable.flows.stack.trace=true -Dkotlinx.coroutines.debug.enable.mutable.state.flows.stack.trace=true -Dfile.encoding=UTF-8 -Dsun.stdout.encoding=UTF-8 -Dsun.stderr.encoding=UTF-8 com.intellij.rt.junit.JUnitStarter -ideVersion5 -junit5 com.perfulandia.shoppingcartservice.service.ShoppingCartServiceTest,testSave

Host: 11th Gen Intel(R) Core(TM) i7-1185G7 @ 3.00GHz, 8 cores, 15G,  Windows 11 , 64 bit Build 26100 (10.0.26100.4202)
Time: Thu Jul 10 10:07:30 2025 Hora est. Sudamérica Pacífico elapsed time: 64.182999 seconds (0d 0h 1m 4s)

---------------  T H R E A D  ---------------

Current thread (0x000001cddd2389c0):  JavaThread "Attach Listener" daemon [_thread_in_native, id=6596, stack(0x000000ca68000000,0x000000ca68100000) (1024K)]

Stack: [0x000000ca68000000,0x000000ca68100000],  sp=0x000000ca680fed50,  free space=1019k
Native frames: (J=compiled Java code, j=interpreted, Vv=VM code, C=native code)
C  [libasyncProfiler.dll+0x926c4]  (no source info available)
C  [libasyncProfiler.dll+0x92b9b]  (no source info available)
C  [libasyncProfiler.dll+0x917f4]  (no source info available)
C  [libasyncProfiler.dll+0x9206a]  (no source info available)
C  [libasyncProfiler.dll+0x8cc21]  (no source info available)
C  [libasyncProfiler.dll+0x7e5e1]  (no source info available)
C  [libasyncProfiler.dll+0x7d2f8]  (no source info available)
C  [libasyncProfiler.dll+0x7d1e0]  (no source info available)
C  [libasyncProfiler.dll+0x841b9]  (no source info available)
V  [jvm.dll+0x57eff7]  (no source info available)
V  [jvm.dll+0x57fdac]  (no source info available)
V  [jvm.dll+0x14ca17]  (no source info available)
V  [jvm.dll+0x14dfe1]  (no source info available)
V  [jvm.dll+0x42f456]  (no source info available)
V  [jvm.dll+0x87d76b]  (no source info available)
V  [jvm.dll+0x72ee55]  (no source info available)
C  [ucrtbase.dll+0x37b0]  (no source info available)
C  [KERNEL32.DLL+0x2e8d7]  (no source info available)
C  [ntdll.dll+0x3c34c]  (no source info available)


siginfo: EXCEPTION_ACCESS_VIOLATION (0xc0000005), reading address 0xffffffffffffffff


Registers:
RAX=0x0000000000000010, RBX=0x0000000000000000, RCX=0xffffffffffffffff, RDX=0x007ffc7669300010
RSP=0x000000ca680fed50, RBP=0x000001cddd24de80, RSI=0x000000ca680feec0, RDI=0x000001cddd24de80
R8 =0x0000000000000042, R9 =0x000000071182ac00, R10=0x00007ffc76909fb0, R11=0x000000000000001c
R12=0x000000ca680feec0, R13=0x000001cddb1c1e40, R14=0x000001cddd238d88, R15=0x000001cddd238d88
RIP=0x00007ffc78ee26c4, EFLAGS=0x0000000000010202

XMM[0]=0x0000000000000000 0x0000000000000000
XMM[1]=0x0000000000000000 0x0000000000000000
XMM[2]=0x0000000000000000 0x0000000000000000
XMM[3]=0x0000000000000000 0x0000000000000000
XMM[4]=0x0000000000000000 0x0000000000000000
XMM[5]=0x0000000000000000 0x0000000000000000
XMM[6]=0x0000000000000000 0x0000000000000000
XMM[7]=0x0000000000000000 0x0000000000000000
XMM[8]=0x0000000000000000 0x0000000000000000
XMM[9]=0x0000000000000000 0x0000000000000000
XMM[10]=0x0000000000000000 0x0000000000000000
XMM[11]=0x0000000000000000 0x0000000000000000
XMM[12]=0x0000000000000000 0x0000000000000000
XMM[13]=0x0000000000000000 0x0000000000000000
XMM[14]=0x0000000000000000 0x0000000000000000
XMM[15]=0x0000000000000000 0x0000000000000000
  MXCSR=0x00001fa0


Register to memory mapping:

RAX=0x0000000000000010 is an unknown value
RBX=0x0 is null
RCX=0xffffffffffffffff is an unknown value
RDX=0x007ffc7669300010 is an unknown value
RSP=0x000000ca680fed50 is pointing into the stack for thread: 0x000001cddd2389c0
RBP=0x000001cddd24de80 points into unknown readable memory: 0x000000071182ac00 | 00 ac 82 11 07 00 00 00
RSI=0x000000ca680feec0 is pointing into the stack for thread: 0x000001cddd2389c0
RDI=0x000001cddd24de80 points into unknown readable memory: 0x000000071182ac00 | 00 ac 82 11 07 00 00 00
R8 =0x0000000000000042 is an unknown value
R9 =0x000000071182ac00 is an oop: java.lang.Thread 
{0x000000071182ac00} - klass: 'java/lang/Thread' - flags: 

 - ---- fields (total size 14 words):
 - 'threadLocalRandomProbe' 'I' @12  -1640531527 (0x9e3779b9)
 - private volatile 'eetop' 'J' @16  1983688498528 (0x000001cddd0c5d60)
 - private final 'tid' 'J' @24  3 (0x0000000000000003)
 - 'threadLocalRandomSeed' 'J' @32  1741384265063108870 (0x182aa3c3488a9106)
 - injected 'jvmti_thread_state' 'J' @40  1983219091440 (0x000001cdc111c7f0)
 - 'threadLocalRandomSecondarySeed' 'I' @48  0 (0x00000000)
 - injected 'jvmti_VTMS_transition_disable_count' 'I' @52  0 (0x00000000)
 - injected 'jfr_epoch' 'S' @56  0 (0x0000)
 - volatile 'interrupted' 'Z' @58  false (0x00)
 - injected 'jvmti_is_in_VTMS_transition' 'Z' @59  false (0x00)
 - private volatile 'name' 'Ljava/lang/String;' @60  "main"{0x0000000711624bd0} (0xe22c497a)
 - private volatile 'contextClassLoader' 'Ljava/lang/ClassLoader;' @64  a 'jdk/internal/loader/ClassLoaders$AppClassLoader'{0x0000000711800000} (0xe2300000)
 - private final 'holder' 'Ljava/lang/Thread$FieldHolder;' @68  a 'java/lang/Thread$FieldHolder'{0x0000000711624c00} (0xe22c4980)
 - 'threadLocals' 'Ljava/lang/ThreadLocal$ThreadLocalMap;' @72  a 'java/lang/ThreadLocal$ThreadLocalMap'{0x0000000711624c28} (0xe22c4985)
 - 'inheritableThreadLocals' 'Ljava/lang/ThreadLocal$ThreadLocalMap;' @76  null (0x00000000)
 - private 'scopedValueBindings' 'Ljava/lang/Object;' @80  a 'java/lang/Class'{0x00000007ffe7c258} = 'java/lang/Thread' (0xfffcf84b)
 - final 'interruptLock' 'Ljava/lang/Object;' @84  a 'java/lang/Object'{0x0000000711625028} (0xe22c4a05)
 - private volatile 'parkBlocker' 'Ljava/lang/Object;' @88  null (0x00000000)
 - private 'nioBlocker' 'Lsun/nio/ch/Interruptible;' @92  null (0x00000000)
 - private 'cont' 'Ljdk/internal/vm/Continuation;' @96  null (0x00000000)
 - private volatile 'uncaughtExceptionHandler' 'Ljava/lang/Thread$UncaughtExceptionHandler;' @100  null (0x00000000)
 - private 'container' 'Ljdk/internal/vm/ThreadContainer;' @104  null (0x00000000)
 - private volatile 'headStackableScopes' 'Ljdk/internal/vm/StackableScope;' @108  null (0x00000000)
R10=0x00007ffc76909fb0 jvm.dll
R11=0x000000000000001c is an unknown value
R12=0x000000ca680feec0 is pointing into the stack for thread: 0x000001cddd2389c0
R13=0x000001cddb1c1e40 points into unknown readable memory: 0x00007ffc7687a510 | 10 a5 87 76 fc 7f 00 00
R14=0x000001cddd238d88 points into unknown readable memory: 0x00007ffc768717b0 | b0 17 87 76 fc 7f 00 00
R15=0x000001cddd238d88 points into unknown readable memory: 0x00007ffc768717b0 | b0 17 87 76 fc 7f 00 00

Top of Stack: (sp=0x000000ca680fed50)
0x000000ca680fed50:   000000ca680feec0 000001cddd24de80   ...h......$.....
0x000000ca680fed60:   0000000000000000 000001cddd23c1b0   ..........#.....
0x000000ca680fed70:   000000000000001e 00007ffc78ee2b9b   .........+.x....
0x000000ca680fed80:   0000000000000000 000001cddd238d88   ..........#.....
0x000000ca680fed90:   000000ca680fee01 0000000000000000   ...h............
0x000000ca680feda0:   000001cdc758ce40 00007ffc78ee17f4   @.X........x....
0x000000ca680fedb0:   0000000000000000 000000000000001e   ................
0x000000ca680fedc0:   0000000000000000 000000000000001e   ................
0x000000ca680fedd0:   0000000b00000002 000001cdc769cf70   ........p.i.....
0x000000ca680fede0:   000001cdc758ce40 000001cdc758ceb8   @.X.......X.....
0x000000ca680fedf0:   000001cdc758cee8 0000000000002ab0   ..X......*......
0x000000ca680fee00:   0000000000000000 0000000000000000   ................
0x000000ca680fee10:   0000000000000000 00007ffc760d57d4   .........W.v....
0x000000ca680fee20:   00007ffc79024ca0 0000000000000e3c   .L.y....<.......
0x000000ca680fee30:   00007ffc79024ca0 00000000ffffffff   .L.y............
0x000000ca680fee40:   0000000000000000 00007ffc78ee206a   ........j .x....
0x000000ca680fee50:   000001cddd238d88 0000000000000000   ..#.............
0x000000ca680fee60:   000000ca680feec9 000001cddb1c1e40   ...h....@.......
0x000000ca680fee70:   00007ffcdd4688b0 00007ffcdd340139   ..F.....9.4.....
0x000000ca680fee80:   000000000000001b 00007ffcdd93fc09   ................
0x000000ca680fee90:   000001cddd238d88 00007ffc79024ca0   ..#......L.y....
0x000000ca680feea0:   000000000000000b 00007ffc76361712   ..........6v....
0x000000ca680feeb0:   0000000000000000 000001cddd238d88   ..........#.....
0x000000ca680feec0:   000001cdc72d04e0 000001cdc72d08a0   ..-.......-.....
0x000000ca680feed0:   000001cdc72d08a0 00007ffc79024ca0   ..-......L.y....
0x000000ca680feee0:   000001cddd52a4c8 000000ca680ff058   ..R.....X..h....
0x000000ca680feef0:   000000ca680ff190 0000000000008840   ...h....@.......
0x000000ca680fef00:   000000ca680ff370 00007ffc79024cf0   p..h.....L.y....
0x000000ca680fef10:   0000000000989680 0000000000989680   ................
0x000000ca680fef20:   000000ca680ff030 00007ffc78edcc21   0..h....!..x....
0x000000ca680fef30:   00007ffc79024ca0 00007ffc79024cf8   .L.y.....L.y....
0x000000ca680fef40:   00007ffc00000000 003ec03700000001   ............7.>.

Instructions: (pc=0x00007ffc78ee26c4)
  0x00007ffc78ee25c4:   cc cc cc cc cc cc cc cc cc cc cc cc cc cc cc cc
  0x00007ffc78ee25d4:   cc cc cc cc cc cc cc cc cc cc cc cc cc cc cc cc
  0x00007ffc78ee25e4:   cc cc cc cc cc cc cc cc cc cc cc cc cc cc cc cc
  0x00007ffc78ee25f4:   cc cc cc cc cc cc cc cc cc cc cc cc cc cc cc cc
  0x00007ffc78ee2604:   cc cc cc cc cc cc cc cc cc cc cc cc cc cc cc cc
  0x00007ffc78ee2614:   cc cc cc cc cc cc cc cc cc cc cc cc cc cc cc cc
  0x00007ffc78ee2624:   cc cc cc cc cc cc cc cc cc cc cc cc cc cc cc cc
  0x00007ffc78ee2634:   cc cc cc cc cc cc cc cc cc cc cc cc cc cc cc cc
  0x00007ffc78ee2644:   cc cc cc cc cc cc cc cc cc cc cc cc 40 57 48 83
  0x00007ffc78ee2654:   ec 20 48 8b f9 48 8b 0d 10 28 14 00 48 85 c9 74
  0x00007ffc78ee2664:   20 48 8b 01 48 8d 54 24 38 41 b8 06 00 01 00 4c
  0x00007ffc78ee2674:   8b 48 30 41 ff d1 85 c0 75 07 48 8b 4c 24 38 eb
  0x00007ffc78ee2684:   02 33 c9 4c 8b 05 ea 28 14 00 48 89 5c 24 30 4d
  0x00007ffc78ee2694:   85 c0 74 4a 48 8b 01 48 8b d7 4c 8b 88 28 03 00
  0x00007ffc78ee26a4:   00 41 ff d1 48 85 c0 74 35 48 63 0d f8 e6 13 00
  0x00007ffc78ee26b4:   48 8b 14 01 48 85 d2 74 15 48 63 05 fc e6 13 00
=>0x00007ffc78ee26c4:   8b 04 10 48 8b 5c 24 30 48 83 c4 20 5f c3 b8 ff
  0x00007ffc78ee26d4:   ff ff ff 48 8b 5c 24 30 48 83 c4 20 5f c3 80 3d
  0x00007ffc78ee26e4:   9b 27 14 00 00 bb ff ff ff ff 74 20 4c 8b 0d 31
  0x00007ffc78ee26f4:   24 14 00 4c 8d 44 24 38 48 8b 0d 15 24 14 00 48
  0x00007ffc78ee2704:   8b d7 41 ff d1 85 c0 0f 44 5c 24 38 8b c3 48 8b
  0x00007ffc78ee2714:   5c 24 30 48 83 c4 20 5f c3 cc cc cc cc cc cc cc
  0x00007ffc78ee2724:   cc cc cc cc cc cc cc cc cc cc cc cc cc cc cc cc
  0x00007ffc78ee2734:   cc cc cc cc cc cc cc cc cc cc cc cc cc cc cc cc
  0x00007ffc78ee2744:   cc cc cc cc cc cc cc cc cc cc cc cc 48 89 54 24
  0x00007ffc78ee2754:   10 53 55 56 57 41 56 41 57 48 83 ec 28 48 8b f2
  0x00007ffc78ee2764:   4c 8b f1 48 89 4c 24 78 45 33 ff 44 89 7c 24 68
  0x00007ffc78ee2774:   c7 44 24 60 01 00 00 00 48 8d 4c 24 68 e8 ed 42
  0x00007ffc78ee2784:   f7 ff 8b d8 48 8d 4c 24 60 e8 e1 42 f7 ff 8b e8
  0x00007ffc78ee2794:   49 8b ce e8 00 fc f6 ff 48 8b f8 90 8b c3 f0 0f
  0x00007ffc78ee27a4:   b1 2f 74 04 f3 90 eb f4 4c 89 3e 4c 89 7e 08 4c
  0x00007ffc78ee27b4:   89 7e 10 49 8b 6e 08 4d 8b 76 10 49 3b ee 0f 84


Stack slot to memory mapping:

stack at sp + 0 slots: 0x000000ca680feec0 is pointing into the stack for thread: 0x000001cddd2389c0
stack at sp + 1 slots: 0x000001cddd24de80 points into unknown readable memory: 0x000000071182ac00 | 00 ac 82 11 07 00 00 00
stack at sp + 2 slots: 0x0 is null
stack at sp + 3 slots: 0x000001cddd23c1b0 points into unknown readable memory: 0x6e616c2e6176616a | 6a 61 76 61 2e 6c 61 6e
stack at sp + 4 slots: 0x000000000000001e is an unknown value
stack at sp + 5 slots: 0x00007ffc78ee2b9b libasyncProfiler.dll
stack at sp + 6 slots: 0x0 is null
stack at sp + 7 slots: 0x000001cddd238d88 points into unknown readable memory: 0x00007ffc768717b0 | b0 17 87 76 fc 7f 00 00

Lock stack of current Java thread (top to bottom):


---------------  P R O C E S S  ---------------

Threads class SMR info:
_java_thread_list=0x000001cdc7561650, length=17, elements={
0x000001cddd0c5d60, 0x000001cddd22fb10, 0x000001cddd2331f0, 0x000001cddd237b20,
0x000001cddd2389c0, 0x000001cddd236530, 0x000001cddd239110, 0x000001cdc1126360,
0x000001cddd24e060, 0x000001cdc130ee00, 0x000001cdc130f550, 0x000001cdc130fca0,
0x000001cddd236c80, 0x000001cddd2373d0, 0x000001cddd238270, 0x000001cdc75fa4c0,
0x000001cdc75fd220
}

Java Threads: ( => current thread )
  0x000001cddd0c5d60 JavaThread "main"                              [_thread_blocked, id=10388, stack(0x000000ca67500000,0x000000ca67600000) (1024K)]
  0x000001cddd22fb10 JavaThread "Reference Handler"          daemon [_thread_blocked, id=3268, stack(0x000000ca67d00000,0x000000ca67e00000) (1024K)]
  0x000001cddd2331f0 JavaThread "Finalizer"                  daemon [_thread_blocked, id=13232, stack(0x000000ca67e00000,0x000000ca67f00000) (1024K)]
  0x000001cddd237b20 JavaThread "Signal Dispatcher"          daemon [_thread_blocked, id=22852, stack(0x000000ca67f00000,0x000000ca68000000) (1024K)]
=>0x000001cddd2389c0 JavaThread "Attach Listener"            daemon [_thread_in_native, id=6596, stack(0x000000ca68000000,0x000000ca68100000) (1024K)]
  0x000001cddd236530 JavaThread "Service Thread"             daemon [_thread_blocked, id=12620, stack(0x000000ca68100000,0x000000ca68200000) (1024K)]
  0x000001cddd239110 JavaThread "Monitor Deflation Thread"   daemon [_thread_blocked, id=2884, stack(0x000000ca68200000,0x000000ca68300000) (1024K)]
  0x000001cdc1126360 JavaThread "C2 CompilerThread0"         daemon [_thread_blocked, id=22624, stack(0x000000ca68300000,0x000000ca68400000) (1024K)]
  0x000001cddd24e060 JavaThread "C1 CompilerThread0"         daemon [_thread_blocked, id=23776, stack(0x000000ca68400000,0x000000ca68500000) (1024K)]
  0x000001cdc130ee00 JavaThread "JDWP Transport Listener: dt_socket" daemon [_thread_blocked, id=17844, stack(0x000000ca68600000,0x000000ca68700000) (1024K)]
  0x000001cdc130f550 JavaThread "JDWP Event Helper Thread"   daemon [_thread_blocked, id=3040, stack(0x000000ca68700000,0x000000ca68800000) (1024K)]
  0x000001cdc130fca0 JavaThread "JDWP Command Reader"        daemon [_thread_in_native, id=23636, stack(0x000000ca68800000,0x000000ca68900000) (1024K)]
  0x000001cddd236c80 JavaThread "Common-Cleaner"             daemon [_thread_blocked, id=16248, stack(0x000000ca68900000,0x000000ca68a00000) (1024K)]
  0x000001cddd2373d0 JavaThread "IntelliJ Suspend Helper"    daemon [_thread_blocked, id=4884, stack(0x000000ca68a00000,0x000000ca68b00000) (1024K)]
  0x000001cddd238270 JavaThread "Notification Thread"        daemon [_thread_blocked, id=14264, stack(0x000000ca68b00000,0x000000ca68c00000) (1024K)]
  0x000001cdc75fa4c0 JavaThread "C2 CompilerThread1"         daemon [_thread_blocked, id=24808, stack(0x000000ca67200000,0x000000ca67300000) (1024K)]
  0x000001cdc75fd220 JavaThread "C2 CompilerThread2"         daemon [_thread_blocked, id=20452, stack(0x000000ca67300000,0x000000ca67400000) (1024K)]
Total: 17

Other Threads:
  0x000001cddd21e680 VMThread "VM Thread"                           [id=25392, stack(0x000000ca67c00000,0x000000ca67d00000) (1024K)]
  0x000001cdc111c0d0 WatcherThread "VM Periodic Task Thread"        [id=1492, stack(0x000000ca67b00000,0x000000ca67c00000) (1024K)]
  0x000001cddd1332d0 WorkerThread "GC Thread#0"                     [id=21836, stack(0x000000ca67600000,0x000000ca67700000) (1024K)]
  0x000001cdc6e69f90 WorkerThread "GC Thread#1"                     [id=3044, stack(0x000000ca68c00000,0x000000ca68d00000) (1024K)]
  0x000001cdc6e69830 WorkerThread "GC Thread#2"                     [id=14280, stack(0x000000ca68d00000,0x000000ca68e00000) (1024K)]
  0x000001cdc6e690d0 WorkerThread "GC Thread#3"                     [id=11760, stack(0x000000ca68e00000,0x000000ca68f00000) (1024K)]
  0x000001cdc6e68d20 WorkerThread "GC Thread#4"                     [id=18140, stack(0x000000ca68f00000,0x000000ca69000000) (1024K)]
  0x000001cdc6e69be0 WorkerThread "GC Thread#5"                     [id=18416, stack(0x000000ca69000000,0x000000ca69100000) (1024K)]
  0x000001cdc6e6a340 WorkerThread "GC Thread#6"                     [id=18068, stack(0x000000ca69100000,0x000000ca69200000) (1024K)]
  0x000001cdc6e6a6f0 WorkerThread "GC Thread#7"                     [id=10928, stack(0x000000ca69200000,0x000000ca69300000) (1024K)]
  0x000001cddd147c00 ConcurrentGCThread "G1 Main Marker"            [id=12020, stack(0x000000ca67700000,0x000000ca67800000) (1024K)]
  0x000001cddd148620 WorkerThread "G1 Conc#0"                       [id=17848, stack(0x000000ca67800000,0x000000ca67900000) (1024K)]
  0x000001cddd1e4850 ConcurrentGCThread "G1 Refine#0"               [id=19076, stack(0x000000ca67900000,0x000000ca67a00000) (1024K)]
  0x000001cddd1e6190 ConcurrentGCThread "G1 Service"                [id=3096, stack(0x000000ca67a00000,0x000000ca67b00000) (1024K)]
Total: 14

Threads with active compile tasks:
Total: 0

VM state: not at safepoint (normal execution)

VM Mutex/Monitor currently owned by a thread: None

Heap address: 0x0000000704e00000, size: 4018 MB, Compressed Oops mode: Zero based, Oop shift amount: 3

CDS archive(s) mapped at: [0x000001cd80000000-0x000001cd80d40000-0x000001cd80d40000), size 13893632, SharedBaseAddress: 0x000001cd80000000, ArchiveRelocationMode: 1.
Compressed class space mapped at: 0x000001cd81000000-0x000001cdc1000000, reserved size: 1073741824
UseCompressedClassPointers 1, UseCompactObjectHeaders 0
Narrow klass pointer bits 32, Max shift 3
Narrow klass base: 0x000001cd80000000, Narrow klass shift: 0
Encoding Range: [0x000001cd80000000 - 0x000001ce80000000), (4294967296 bytes)
Klass Range:    [0x000001cd80000000 - 0x000001cdc1000000), (1090519040 bytes)
Klass ID Range:  [8 - 1090519033) (1090519025)

GC Precious Log:
 CardTable entry size: 512
 Card Set container configuration: InlinePtr #cards 4 size 8 Array Of Cards #cards 16 size 48 Howl #buckets 8 coarsen threshold 3686 Howl Bitmap #cards 512 size 80 coarsen threshold 460 Card regions per heap region 1 cards per card region 4096
 CPUs: 8 total, 8 available
 Memory: 16064M
 Large Page Support: Disabled
 NUMA Support: Disabled
 Compressed Oops: Enabled (Zero based)
 Heap Region Size: 2M
 Heap Min Capacity: 8M
 Heap Initial Capacity: 252M
 Heap Max Capacity: 4018M
 Pre-touch: Disabled
 Parallel Workers: 8
 Concurrent Workers: 2
 Concurrent Refinement Workers: 8
 Periodic GC: Disabled

Heap:
 garbage-first heap   total reserved 4114432K, committed 260096K, used 60440K [0x0000000704e00000, 0x0000000800000000)
  region size 2048K, 29 young (59392K), 3 survivors (6144K)
 Metaspace       used 18836K, committed 19200K, reserved 1114112K
  class space    used 2085K, committed 2240K, reserved 1048576K

Heap Regions: E=young(eden), S=young(survivor), O=old, HS=humongous(starts), HC=humongous(continues), CS=collection set, F=free, TAMS=top-at-mark-start, PB=parsable bottom
|   0|0x0000000704e00000, 0x0000000704fe9d88, 0x0000000705000000| 95%| O|  |TAMS 0x0000000704e00000| PB 0x0000000704e00000| Untracked |  0
|   1|0x0000000705000000, 0x0000000705000000, 0x0000000705200000|  0%| F|  |TAMS 0x0000000705000000| PB 0x0000000705000000| Untracked |  0
|   2|0x0000000705200000, 0x0000000705200000, 0x0000000705400000|  0%| F|  |TAMS 0x0000000705200000| PB 0x0000000705200000| Untracked |  0
|   3|0x0000000705400000, 0x0000000705400000, 0x0000000705600000|  0%| F|  |TAMS 0x0000000705400000| PB 0x0000000705400000| Untracked |  0
|   4|0x0000000705600000, 0x0000000705600000, 0x0000000705800000|  0%| F|  |TAMS 0x0000000705600000| PB 0x0000000705600000| Untracked |  0
|   5|0x0000000705800000, 0x0000000705800000, 0x0000000705a00000|  0%| F|  |TAMS 0x0000000705800000| PB 0x0000000705800000| Untracked |  0
|   6|0x0000000705a00000, 0x0000000705a00000, 0x0000000705c00000|  0%| F|  |TAMS 0x0000000705a00000| PB 0x0000000705a00000| Untracked |  0
|   7|0x0000000705c00000, 0x0000000705c00000, 0x0000000705e00000|  0%| F|  |TAMS 0x0000000705c00000| PB 0x0000000705c00000| Untracked |  0
|   8|0x0000000705e00000, 0x0000000705e00000, 0x0000000706000000|  0%| F|  |TAMS 0x0000000705e00000| PB 0x0000000705e00000| Untracked |  0
|   9|0x0000000706000000, 0x0000000706000000, 0x0000000706200000|  0%| F|  |TAMS 0x0000000706000000| PB 0x0000000706000000| Untracked |  0
|  10|0x0000000706200000, 0x0000000706200000, 0x0000000706400000|  0%| F|  |TAMS 0x0000000706200000| PB 0x0000000706200000| Untracked |  0
|  11|0x0000000706400000, 0x0000000706400000, 0x0000000706600000|  0%| F|  |TAMS 0x0000000706400000| PB 0x0000000706400000| Untracked |  0
|  12|0x0000000706600000, 0x0000000706600000, 0x0000000706800000|  0%| F|  |TAMS 0x0000000706600000| PB 0x0000000706600000| Untracked |  0
|  13|0x0000000706800000, 0x0000000706800000, 0x0000000706a00000|  0%| F|  |TAMS 0x0000000706800000| PB 0x0000000706800000| Untracked |  0
|  14|0x0000000706a00000, 0x0000000706a00000, 0x0000000706c00000|  0%| F|  |TAMS 0x0000000706a00000| PB 0x0000000706a00000| Untracked |  0
|  15|0x0000000706c00000, 0x0000000706c00000, 0x0000000706e00000|  0%| F|  |TAMS 0x0000000706c00000| PB 0x0000000706c00000| Untracked |  0
|  16|0x0000000706e00000, 0x0000000706e00000, 0x0000000707000000|  0%| F|  |TAMS 0x0000000706e00000| PB 0x0000000706e00000| Untracked |  0
|  17|0x0000000707000000, 0x0000000707000000, 0x0000000707200000|  0%| F|  |TAMS 0x0000000707000000| PB 0x0000000707000000| Untracked |  0
|  18|0x0000000707200000, 0x0000000707200000, 0x0000000707400000|  0%| F|  |TAMS 0x0000000707200000| PB 0x0000000707200000| Untracked |  0
|  19|0x0000000707400000, 0x0000000707400000, 0x0000000707600000|  0%| F|  |TAMS 0x0000000707400000| PB 0x0000000707400000| Untracked |  0
|  20|0x0000000707600000, 0x0000000707600000, 0x0000000707800000|  0%| F|  |TAMS 0x0000000707600000| PB 0x0000000707600000| Untracked |  0
|  21|0x0000000707800000, 0x0000000707800000, 0x0000000707a00000|  0%| F|  |TAMS 0x0000000707800000| PB 0x0000000707800000| Untracked |  0
|  22|0x0000000707a00000, 0x0000000707a00000, 0x0000000707c00000|  0%| F|  |TAMS 0x0000000707a00000| PB 0x0000000707a00000| Untracked |  0
|  23|0x0000000707c00000, 0x0000000707c00000, 0x0000000707e00000|  0%| F|  |TAMS 0x0000000707c00000| PB 0x0000000707c00000| Untracked |  0
|  24|0x0000000707e00000, 0x0000000707e00000, 0x0000000708000000|  0%| F|  |TAMS 0x0000000707e00000| PB 0x0000000707e00000| Untracked |  0
|  25|0x0000000708000000, 0x0000000708000000, 0x0000000708200000|  0%| F|  |TAMS 0x0000000708000000| PB 0x0000000708000000| Untracked |  0
|  26|0x0000000708200000, 0x0000000708200000, 0x0000000708400000|  0%| F|  |TAMS 0x0000000708200000| PB 0x0000000708200000| Untracked |  0
|  27|0x0000000708400000, 0x0000000708400000, 0x0000000708600000|  0%| F|  |TAMS 0x0000000708400000| PB 0x0000000708400000| Untracked |  0
|  28|0x0000000708600000, 0x0000000708600000, 0x0000000708800000|  0%| F|  |TAMS 0x0000000708600000| PB 0x0000000708600000| Untracked |  0
|  29|0x0000000708800000, 0x0000000708800000, 0x0000000708a00000|  0%| F|  |TAMS 0x0000000708800000| PB 0x0000000708800000| Untracked |  0
|  30|0x0000000708a00000, 0x0000000708a00000, 0x0000000708c00000|  0%| F|  |TAMS 0x0000000708a00000| PB 0x0000000708a00000| Untracked |  0
|  31|0x0000000708c00000, 0x0000000708c00000, 0x0000000708e00000|  0%| F|  |TAMS 0x0000000708c00000| PB 0x0000000708c00000| Untracked |  0
|  32|0x0000000708e00000, 0x0000000708e00000, 0x0000000709000000|  0%| F|  |TAMS 0x0000000708e00000| PB 0x0000000708e00000| Untracked |  0
|  33|0x0000000709000000, 0x0000000709000000, 0x0000000709200000|  0%| F|  |TAMS 0x0000000709000000| PB 0x0000000709000000| Untracked |  0
|  34|0x0000000709200000, 0x0000000709200000, 0x0000000709400000|  0%| F|  |TAMS 0x0000000709200000| PB 0x0000000709200000| Untracked |  0
|  35|0x0000000709400000, 0x0000000709400000, 0x0000000709600000|  0%| F|  |TAMS 0x0000000709400000| PB 0x0000000709400000| Untracked |  0
|  36|0x0000000709600000, 0x0000000709600000, 0x0000000709800000|  0%| F|  |TAMS 0x0000000709600000| PB 0x0000000709600000| Untracked |  0
|  37|0x0000000709800000, 0x0000000709800000, 0x0000000709a00000|  0%| F|  |TAMS 0x0000000709800000| PB 0x0000000709800000| Untracked |  0
|  38|0x0000000709a00000, 0x0000000709a00000, 0x0000000709c00000|  0%| F|  |TAMS 0x0000000709a00000| PB 0x0000000709a00000| Untracked |  0
|  39|0x0000000709c00000, 0x0000000709c00000, 0x0000000709e00000|  0%| F|  |TAMS 0x0000000709c00000| PB 0x0000000709c00000| Untracked |  0
|  40|0x0000000709e00000, 0x0000000709e00000, 0x000000070a000000|  0%| F|  |TAMS 0x0000000709e00000| PB 0x0000000709e00000| Untracked |  0
|  41|0x000000070a000000, 0x000000070a000000, 0x000000070a200000|  0%| F|  |TAMS 0x000000070a000000| PB 0x000000070a000000| Untracked |  0
|  42|0x000000070a200000, 0x000000070a200000, 0x000000070a400000|  0%| F|  |TAMS 0x000000070a200000| PB 0x000000070a200000| Untracked |  0
|  43|0x000000070a400000, 0x000000070a400000, 0x000000070a600000|  0%| F|  |TAMS 0x000000070a400000| PB 0x000000070a400000| Untracked |  0
|  44|0x000000070a600000, 0x000000070a600000, 0x000000070a800000|  0%| F|  |TAMS 0x000000070a600000| PB 0x000000070a600000| Untracked |  0
|  45|0x000000070a800000, 0x000000070a800000, 0x000000070aa00000|  0%| F|  |TAMS 0x000000070a800000| PB 0x000000070a800000| Untracked |  0
|  46|0x000000070aa00000, 0x000000070aa00000, 0x000000070ac00000|  0%| F|  |TAMS 0x000000070aa00000| PB 0x000000070aa00000| Untracked |  0
|  47|0x000000070ac00000, 0x000000070ac00000, 0x000000070ae00000|  0%| F|  |TAMS 0x000000070ac00000| PB 0x000000070ac00000| Untracked |  0
|  48|0x000000070ae00000, 0x000000070ae00000, 0x000000070b000000|  0%| F|  |TAMS 0x000000070ae00000| PB 0x000000070ae00000| Untracked |  0
|  49|0x000000070b000000, 0x000000070b000000, 0x000000070b200000|  0%| F|  |TAMS 0x000000070b000000| PB 0x000000070b000000| Untracked |  0
|  50|0x000000070b200000, 0x000000070b200000, 0x000000070b400000|  0%| F|  |TAMS 0x000000070b200000| PB 0x000000070b200000| Untracked |  0
|  51|0x000000070b400000, 0x000000070b400000, 0x000000070b600000|  0%| F|  |TAMS 0x000000070b400000| PB 0x000000070b400000| Untracked |  0
|  52|0x000000070b600000, 0x000000070b600000, 0x000000070b800000|  0%| F|  |TAMS 0x000000070b600000| PB 0x000000070b600000| Untracked |  0
|  53|0x000000070b800000, 0x000000070b800000, 0x000000070ba00000|  0%| F|  |TAMS 0x000000070b800000| PB 0x000000070b800000| Untracked |  0
|  54|0x000000070ba00000, 0x000000070ba00000, 0x000000070bc00000|  0%| F|  |TAMS 0x000000070ba00000| PB 0x000000070ba00000| Untracked |  0
|  55|0x000000070bc00000, 0x000000070bc00000, 0x000000070be00000|  0%| F|  |TAMS 0x000000070bc00000| PB 0x000000070bc00000| Untracked |  0
|  56|0x000000070be00000, 0x000000070be00000, 0x000000070c000000|  0%| F|  |TAMS 0x000000070be00000| PB 0x000000070be00000| Untracked |  0
|  57|0x000000070c000000, 0x000000070c000000, 0x000000070c200000|  0%| F|  |TAMS 0x000000070c000000| PB 0x000000070c000000| Untracked |  0
|  58|0x000000070c200000, 0x000000070c200000, 0x000000070c400000|  0%| F|  |TAMS 0x000000070c200000| PB 0x000000070c200000| Untracked |  0
|  59|0x000000070c400000, 0x000000070c400000, 0x000000070c600000|  0%| F|  |TAMS 0x000000070c400000| PB 0x000000070c400000| Untracked |  0
|  60|0x000000070c600000, 0x000000070c600000, 0x000000070c800000|  0%| F|  |TAMS 0x000000070c600000| PB 0x000000070c600000| Untracked |  0
|  61|0x000000070c800000, 0x000000070c800000, 0x000000070ca00000|  0%| F|  |TAMS 0x000000070c800000| PB 0x000000070c800000| Untracked |  0
|  62|0x000000070ca00000, 0x000000070ca00000, 0x000000070cc00000|  0%| F|  |TAMS 0x000000070ca00000| PB 0x000000070ca00000| Untracked |  0
|  63|0x000000070cc00000, 0x000000070cc00000, 0x000000070ce00000|  0%| F|  |TAMS 0x000000070cc00000| PB 0x000000070cc00000| Untracked |  0
|  64|0x000000070ce00000, 0x000000070ce00000, 0x000000070d000000|  0%| F|  |TAMS 0x000000070ce00000| PB 0x000000070ce00000| Untracked |  0
|  65|0x000000070d000000, 0x000000070d000000, 0x000000070d200000|  0%| F|  |TAMS 0x000000070d000000| PB 0x000000070d000000| Untracked |  0
|  66|0x000000070d200000, 0x000000070d200000, 0x000000070d400000|  0%| F|  |TAMS 0x000000070d200000| PB 0x000000070d200000| Untracked |  0
|  67|0x000000070d400000, 0x000000070d400000, 0x000000070d600000|  0%| F|  |TAMS 0x000000070d400000| PB 0x000000070d400000| Untracked |  0
|  68|0x000000070d600000, 0x000000070d600000, 0x000000070d800000|  0%| F|  |TAMS 0x000000070d600000| PB 0x000000070d600000| Untracked |  0
|  69|0x000000070d800000, 0x000000070d800000, 0x000000070da00000|  0%| F|  |TAMS 0x000000070d800000| PB 0x000000070d800000| Untracked |  0
|  70|0x000000070da00000, 0x000000070da00000, 0x000000070dc00000|  0%| F|  |TAMS 0x000000070da00000| PB 0x000000070da00000| Untracked |  0
|  71|0x000000070dc00000, 0x000000070dc00000, 0x000000070de00000|  0%| F|  |TAMS 0x000000070dc00000| PB 0x000000070dc00000| Untracked |  0
|  72|0x000000070de00000, 0x000000070de00000, 0x000000070e000000|  0%| F|  |TAMS 0x000000070de00000| PB 0x000000070de00000| Untracked |  0
|  73|0x000000070e000000, 0x000000070e000000, 0x000000070e200000|  0%| F|  |TAMS 0x000000070e000000| PB 0x000000070e000000| Untracked |  0
|  74|0x000000070e200000, 0x000000070e200000, 0x000000070e400000|  0%| F|  |TAMS 0x000000070e200000| PB 0x000000070e200000| Untracked |  0
|  75|0x000000070e400000, 0x000000070e400000, 0x000000070e600000|  0%| F|  |TAMS 0x000000070e400000| PB 0x000000070e400000| Untracked |  0
|  76|0x000000070e600000, 0x000000070e600000, 0x000000070e800000|  0%| F|  |TAMS 0x000000070e600000| PB 0x000000070e600000| Untracked |  0
|  77|0x000000070e800000, 0x000000070e800000, 0x000000070ea00000|  0%| F|  |TAMS 0x000000070e800000| PB 0x000000070e800000| Untracked |  0
|  78|0x000000070ea00000, 0x000000070ea00000, 0x000000070ec00000|  0%| F|  |TAMS 0x000000070ea00000| PB 0x000000070ea00000| Untracked |  0
|  79|0x000000070ec00000, 0x000000070ec00000, 0x000000070ee00000|  0%| F|  |TAMS 0x000000070ec00000| PB 0x000000070ec00000| Untracked |  0
|  80|0x000000070ee00000, 0x000000070ee00000, 0x000000070f000000|  0%| F|  |TAMS 0x000000070ee00000| PB 0x000000070ee00000| Untracked |  0
|  81|0x000000070f000000, 0x000000070f000000, 0x000000070f200000|  0%| F|  |TAMS 0x000000070f000000| PB 0x000000070f000000| Untracked |  0
|  82|0x000000070f200000, 0x000000070f200000, 0x000000070f400000|  0%| F|  |TAMS 0x000000070f200000| PB 0x000000070f200000| Untracked |  0
|  83|0x000000070f400000, 0x000000070f400000, 0x000000070f600000|  0%| F|  |TAMS 0x000000070f400000| PB 0x000000070f400000| Untracked |  0
|  84|0x000000070f600000, 0x000000070f600000, 0x000000070f800000|  0%| F|  |TAMS 0x000000070f600000| PB 0x000000070f600000| Untracked |  0
|  85|0x000000070f800000, 0x000000070f800000, 0x000000070fa00000|  0%| F|  |TAMS 0x000000070f800000| PB 0x000000070f800000| Untracked |  0
|  86|0x000000070fa00000, 0x000000070fa00000, 0x000000070fc00000|  0%| F|  |TAMS 0x000000070fa00000| PB 0x000000070fa00000| Untracked |  0
|  87|0x000000070fc00000, 0x000000070fc00000, 0x000000070fe00000|  0%| F|  |TAMS 0x000000070fc00000| PB 0x000000070fc00000| Untracked |  0
|  88|0x000000070fe00000, 0x000000070fe00000, 0x0000000710000000|  0%| F|  |TAMS 0x000000070fe00000| PB 0x000000070fe00000| Untracked |  0
|  89|0x0000000710000000, 0x0000000710000000, 0x0000000710200000|  0%| F|  |TAMS 0x0000000710000000| PB 0x0000000710000000| Untracked |  0
|  90|0x0000000710200000, 0x0000000710200000, 0x0000000710400000|  0%| F|  |TAMS 0x0000000710200000| PB 0x0000000710200000| Untracked |  0
|  91|0x0000000710400000, 0x0000000710400000, 0x0000000710600000|  0%| F|  |TAMS 0x0000000710400000| PB 0x0000000710400000| Untracked |  0
|  92|0x0000000710600000, 0x0000000710600000, 0x0000000710800000|  0%| F|  |TAMS 0x0000000710600000| PB 0x0000000710600000| Untracked |  0
|  93|0x0000000710800000, 0x0000000710800000, 0x0000000710a00000|  0%| F|  |TAMS 0x0000000710800000| PB 0x0000000710800000| Untracked |  0
|  94|0x0000000710a00000, 0x0000000710a00000, 0x0000000710c00000|  0%| F|  |TAMS 0x0000000710a00000| PB 0x0000000710a00000| Untracked |  0
|  95|0x0000000710c00000, 0x0000000710c00000, 0x0000000710e00000|  0%| F|  |TAMS 0x0000000710c00000| PB 0x0000000710c00000| Untracked |  0
|  96|0x0000000710e00000, 0x0000000710e00000, 0x0000000711000000|  0%| F|  |TAMS 0x0000000710e00000| PB 0x0000000710e00000| Untracked |  0
|  97|0x0000000711000000, 0x00000007110cfbb0, 0x0000000711200000| 40%| E|  |TAMS 0x0000000711000000| PB 0x0000000711000000| Complete |  0
|  98|0x0000000711200000, 0x0000000711400000, 0x0000000711400000|100%| E|CS|TAMS 0x0000000711200000| PB 0x0000000711200000| Complete |  0
|  99|0x0000000711400000, 0x0000000711600000, 0x0000000711600000|100%| S|CS|TAMS 0x0000000711400000| PB 0x0000000711400000| Complete |  0
| 100|0x0000000711600000, 0x0000000711800000, 0x0000000711800000|100%| S|CS|TAMS 0x0000000711600000| PB 0x0000000711600000| Complete |  0
| 101|0x0000000711800000, 0x0000000711a00000, 0x0000000711a00000|100%| S|CS|TAMS 0x0000000711800000| PB 0x0000000711800000| Complete |  0
| 102|0x0000000711a00000, 0x0000000711c00000, 0x0000000711c00000|100%| E|CS|TAMS 0x0000000711a00000| PB 0x0000000711a00000| Complete |  0
| 103|0x0000000711c00000, 0x0000000711e00000, 0x0000000711e00000|100%| E|CS|TAMS 0x0000000711c00000| PB 0x0000000711c00000| Complete |  0
| 104|0x0000000711e00000, 0x0000000712000000, 0x0000000712000000|100%| E|CS|TAMS 0x0000000711e00000| PB 0x0000000711e00000| Complete |  0
| 105|0x0000000712000000, 0x0000000712200000, 0x0000000712200000|100%| E|CS|TAMS 0x0000000712000000| PB 0x0000000712000000| Complete |  0
| 106|0x0000000712200000, 0x0000000712400000, 0x0000000712400000|100%| E|CS|TAMS 0x0000000712200000| PB 0x0000000712200000| Complete |  0
| 107|0x0000000712400000, 0x0000000712600000, 0x0000000712600000|100%| E|CS|TAMS 0x0000000712400000| PB 0x0000000712400000| Complete |  0
| 108|0x0000000712600000, 0x0000000712800000, 0x0000000712800000|100%| E|CS|TAMS 0x0000000712600000| PB 0x0000000712600000| Complete |  0
| 109|0x0000000712800000, 0x0000000712a00000, 0x0000000712a00000|100%| E|CS|TAMS 0x0000000712800000| PB 0x0000000712800000| Complete |  0
| 110|0x0000000712a00000, 0x0000000712c00000, 0x0000000712c00000|100%| E|CS|TAMS 0x0000000712a00000| PB 0x0000000712a00000| Complete |  0
| 111|0x0000000712c00000, 0x0000000712e00000, 0x0000000712e00000|100%| E|CS|TAMS 0x0000000712c00000| PB 0x0000000712c00000| Complete |  0
| 112|0x0000000712e00000, 0x0000000713000000, 0x0000000713000000|100%| E|CS|TAMS 0x0000000712e00000| PB 0x0000000712e00000| Complete |  0
| 113|0x0000000713000000, 0x0000000713200000, 0x0000000713200000|100%| E|CS|TAMS 0x0000000713000000| PB 0x0000000713000000| Complete |  0
| 114|0x0000000713200000, 0x0000000713400000, 0x0000000713400000|100%| E|CS|TAMS 0x0000000713200000| PB 0x0000000713200000| Complete |  0
| 115|0x0000000713400000, 0x0000000713600000, 0x0000000713600000|100%| E|CS|TAMS 0x0000000713400000| PB 0x0000000713400000| Complete |  0
| 116|0x0000000713600000, 0x0000000713800000, 0x0000000713800000|100%| E|CS|TAMS 0x0000000713600000| PB 0x0000000713600000| Complete |  0
| 117|0x0000000713800000, 0x0000000713a00000, 0x0000000713a00000|100%| E|CS|TAMS 0x0000000713800000| PB 0x0000000713800000| Complete |  0
| 118|0x0000000713a00000, 0x0000000713c00000, 0x0000000713c00000|100%| E|CS|TAMS 0x0000000713a00000| PB 0x0000000713a00000| Complete |  0
| 119|0x0000000713c00000, 0x0000000713e00000, 0x0000000713e00000|100%| E|CS|TAMS 0x0000000713c00000| PB 0x0000000713c00000| Complete |  0
| 120|0x0000000713e00000, 0x0000000714000000, 0x0000000714000000|100%| E|CS|TAMS 0x0000000713e00000| PB 0x0000000713e00000| Complete |  0
| 121|0x0000000714000000, 0x0000000714200000, 0x0000000714200000|100%| E|CS|TAMS 0x0000000714000000| PB 0x0000000714000000| Complete |  0
| 122|0x0000000714200000, 0x0000000714400000, 0x0000000714400000|100%| E|CS|TAMS 0x0000000714200000| PB 0x0000000714200000| Complete |  0
| 123|0x0000000714400000, 0x0000000714600000, 0x0000000714600000|100%| E|CS|TAMS 0x0000000714400000| PB 0x0000000714400000| Complete |  0
| 124|0x0000000714600000, 0x0000000714800000, 0x0000000714800000|100%| E|CS|TAMS 0x0000000714600000| PB 0x0000000714600000| Complete |  0
| 125|0x0000000714800000, 0x0000000714a00000, 0x0000000714a00000|100%| E|CS|TAMS 0x0000000714800000| PB 0x0000000714800000| Complete |  0
|2008|0x00000007ffe00000, 0x00000007fff1c288, 0x0000000800000000| 55%| O|  |TAMS 0x00000007ffe00000| PB 0x00000007ffe00000| Untracked |  0

Card table byte_map: [0x000001cdf6600000,0x000001cdf6de0000] _byte_map_base: 0x000001cdf2dd9000

Marking Bits: (CMBitMap*) 0x000001cddd1338f0
 Bits: [0x000001cdf6de0000, 0x000001cdfaca8000)

Polling page: 0x000001cddb320000

Metaspace:

Usage:
  Non-class:     16.36 MB used.
      Class:      2.04 MB used.
       Both:     18.39 MB used.

Virtual space:
  Non-class space:       64.00 MB reserved,      16.56 MB ( 26%) committed,  1 nodes.
      Class space:        1.00 GB reserved,       2.19 MB ( <1%) committed,  1 nodes.
             Both:        1.06 GB reserved,      18.75 MB (  2%) committed. 

Chunk freelists:
   Non-Class:  15.03 MB
       Class:  13.73 MB
        Both:  28.76 MB

MaxMetaspaceSize: unlimited
CompressedClassSpaceSize: 1.00 GB
Initial GC threshold: 21.00 MB
Current GC threshold: 21.00 MB
CDS: on
 - commit_granule_bytes: 65536.
 - commit_granule_words: 8192.
 - virtual_space_node_default_size: 8388608.
 - enlarge_chunks_in_place: 1.
UseCompressedClassPointers 1, UseCompactObjectHeaders 0
Narrow klass pointer bits 32, Max shift 3
Narrow klass base: 0x000001cd80000000, Narrow klass shift: 0
Encoding Range: [0x000001cd80000000 - 0x000001ce80000000), (4294967296 bytes)
Klass Range:    [0x000001cd80000000 - 0x000001cdc1000000), (1090519040 bytes)
Klass ID Range:  [8 - 1090519033) (1090519025)


Internal statistics:

num_allocs_failed_limit: 0.
num_arena_births: 342.
num_arena_deaths: 0.
num_vsnodes_births: 2.
num_vsnodes_deaths: 0.
num_space_committed: 300.
num_space_uncommitted: 0.
num_chunks_returned_to_freelist: 0.
num_chunks_taken_from_freelist: 879.
num_chunk_merges: 0.
num_chunk_splits: 552.
num_chunks_enlarged: 394.
num_inconsistent_stats: 0.

CodeHeap 'non-profiled nmethods': size=120064Kb used=1193Kb max_used=1193Kb free=118870Kb
 bounds [0x000001cdee060000, 0x000001cdee2d0000, 0x000001cdf55a0000]
CodeHeap 'profiled nmethods': size=120000Kb used=5855Kb max_used=5855Kb free=114144Kb
 bounds [0x000001cde65a0000, 0x000001cde6b60000, 0x000001cdedad0000]
CodeHeap 'non-nmethods': size=5696Kb used=1552Kb max_used=1625Kb free=4143Kb
 bounds [0x000001cdedad0000, 0x000001cdedd40000, 0x000001cdee060000]
CodeCache: size=245760Kb, used=8600Kb, max_used=8673Kb, free=237157Kb
 total_blobs=3862, nmethods=3338, adapters=429, full_count=0
Compilation: enabled, stopped_count=0, restarted_count=0

Compilation events (20 events):
Event: 64.178 Thread 0x000001cddd24e060 3334       3       org.mockito.internal.creation.bytebuddy.MockMethodAdvice::isMock (28 bytes)
Event: 64.178 Thread 0x000001cddd24e060 nmethod 3334 0x000001cde6b55d08 code [0x000001cde6b55e20, 0x000001cde6b56088]
Event: 64.178 Thread 0x000001cddd24e060 3330       3       java.lang.Object::equals (77 bytes)
Event: 64.179 Thread 0x000001cddd24e060 nmethod 3330 0x000001cde6b56108 code [0x000001cde6b56280, 0x000001cde6b568e8]
Event: 64.179 Thread 0x000001cddd24e060 3328       3       sun.reflect.generics.repository.MethodRepository::getReturnType (21 bytes)
Event: 64.179 Thread 0x000001cddd24e060 nmethod 3328 0x000001cde6b56988 code [0x000001cde6b56b00, 0x000001cde6b572e0]
Event: 64.179 Thread 0x000001cddd24e060 3309       3       java.lang.reflect.Method::hasGenericInformation (13 bytes)
Event: 64.179 Thread 0x000001cddd24e060 nmethod 3309 0x000001cde6b57388 code [0x000001cde6b574a0, 0x000001cde6b57618]
Event: 64.179 Thread 0x000001cddd24e060 3312       3       sun.reflect.generics.tree.ClassTypeSignature::<init> (10 bytes)
Event: 64.179 Thread 0x000001cddd24e060 nmethod 3312 0x000001cde6b57688 code [0x000001cde6b577a0, 0x000001cde6b57960]
Event: 64.179 Thread 0x000001cddd24e060 3278       1       java.util.Collections$EmptySet::size (2 bytes)
Event: 64.179 Thread 0x000001cddd24e060 nmethod 3278 0x000001cdee187e08 code [0x000001cdee187f00, 0x000001cdee187fc8]
Event: 64.179 Thread 0x000001cddd24e060 3279       1       java.util.AbstractMap$SimpleImmutableEntry::getValue (5 bytes)
Event: 64.179 Thread 0x000001cddd24e060 nmethod 3279 0x000001cdee188108 code [0x000001cdee188200, 0x000001cdee1882c8]
Event: 64.179 Thread 0x000001cddd24e060 3284       1       java.util.Collections$SingletonMap::size (2 bytes)
Event: 64.179 Thread 0x000001cddd24e060 nmethod 3284 0x000001cdee188408 code [0x000001cdee188500, 0x000001cdee1885c8]
Event: 64.179 Thread 0x000001cddd24e060 3341       1       net.bytebuddy.description.method.MethodDescription$SignatureToken::getName (5 bytes)
Event: 64.179 Thread 0x000001cddd24e060 nmethod 3341 0x000001cdee188708 code [0x000001cdee188800, 0x000001cdee1888c8]
Event: 64.180 Thread 0x000001cdc1126360 nmethod 3342 0x000001cdee188a08 code [0x000001cdee188b40, 0x000001cdee188f60]
Event: 64.180 Thread 0x000001cdc1126360 3343       4       jdk.internal.classfile.impl.SplitConstantPool::classEntry (68 bytes)

GC Heap History (2 events):
Event: 1.815 GC heap before
{Heap before GC invocations=0 (full 0):
 garbage-first heap   total reserved 4114432K, committed 260096K, used 50288K [0x0000000704e00000, 0x0000000800000000)
  region size 2048K, 24 young (49152K), 0 survivors (0K)
 Metaspace       used 12182K, committed 12416K, reserved 1114112K
  class space    used 1182K, committed 1280K, reserved 1048576K
}
Event: 1.819 GC heap after
{Heap after GC invocations=1 (full 0):
 garbage-first heap   total reserved 4114432K, committed 260096K, used 9240K [0x0000000704e00000, 0x0000000800000000)
  region size 2048K, 3 young (6144K), 3 survivors (6144K)
 Metaspace       used 12182K, committed 12416K, reserved 1114112K
  class space    used 1182K, committed 1280K, reserved 1048576K
}

Dll operation events (11 events):
Event: 0.014 Loaded shared library C:\Users\BASTI\.jdks\openjdk-24.0.1\bin\java.dll
Event: 0.015 Loaded shared library C:\Users\BASTI\.jdks\openjdk-24.0.1\bin\zip.dll
Event: 0.045 Loaded shared library C:\Users\BASTI\.jdks\openjdk-24.0.1\bin\jsvml.dll
Event: 0.149 Loaded shared library C:\Users\BASTI\.jdks\openjdk-24.0.1\bin\instrument.dll
Event: 0.230 Loaded shared library C:\Users\BASTI\.jdks\openjdk-24.0.1\bin\net.dll
Event: 0.233 Loaded shared library C:\Users\BASTI\.jdks\openjdk-24.0.1\bin\nio.dll
Event: 0.243 Loaded shared library C:\Users\BASTI\.jdks\openjdk-24.0.1\bin\zip.dll
Event: 0.372 Loaded shared library C:\Users\BASTI\.jdks\openjdk-24.0.1\bin\jimage.dll
Event: 1.423 Loaded shared library C:\Users\BASTI\.jdks\openjdk-24.0.1\bin\instrument.dll
Event: 1.704 Loaded shared library C:\Users\BASTI\.jdks\openjdk-24.0.1\bin\verify.dll
Event: 64.141 Loaded shared library C:\Users\BASTI\AppData\Local\Temp\idea_libasyncProfiler_dll_temp_folder8\libasyncProfiler.dll

Deoptimization events (20 events):
Event: 2.726 Thread 0x000001cddd0c5d60 DEOPT PACKING pc=0x000001cdee151940 sp=0x000000ca675fa120
Event: 2.726 Thread 0x000001cddd0c5d60 DEOPT UNPACKING pc=0x000001cdedc05d82 sp=0x000000ca675fa058 mode 2
Event: 2.729 Thread 0x000001cddd0c5d60 Uncommon trap: trap_request=0xffffff4d fr.pc=0x000001cdee155b98 relative=0x00000000000007f8
Event: 2.729 Thread 0x000001cddd0c5d60 Uncommon trap: reason=unstable_if action=reinterpret pc=0x000001cdee155b98 method=net.bytebuddy.implementation.bytecode.StackSize.of(I)Lnet/bytebuddy/implementation/bytecode/StackSize; @ 1 c2
Event: 2.729 Thread 0x000001cddd0c5d60 DEOPT PACKING pc=0x000001cdee155b98 sp=0x000000ca675f98a0
Event: 2.729 Thread 0x000001cddd0c5d60 DEOPT UNPACKING pc=0x000001cdedc05d82 sp=0x000000ca675f9840 mode 2
Event: 3.080 Thread 0x000001cddd0c5d60 DEOPT PACKING pc=0x000001cde66e3761 sp=0x000000ca675fa4b0
Event: 3.080 Thread 0x000001cddd0c5d60 DEOPT UNPACKING pc=0x000001cdedb26642 sp=0x000000ca675f9958 mode 1
Event: 3.080 Thread 0x000001cddd0c5d60 DEOPT PACKING pc=0x000001cde66e32c4 sp=0x000000ca675fa510
Event: 3.080 Thread 0x000001cddd0c5d60 DEOPT UNPACKING pc=0x000001cdedb26642 sp=0x000000ca675f99b8 mode 1
Event: 3.080 Thread 0x000001cddd0c5d60 DEOPT PACKING pc=0x000001cde672b5a4 sp=0x000000ca675fae80
Event: 3.080 Thread 0x000001cddd0c5d60 DEOPT UNPACKING pc=0x000001cdedb26642 sp=0x000000ca675fa348 mode 1
Event: 64.123 Thread 0x000001cddd0c5d60 DEOPT PACKING pc=0x000001cde66e3761 sp=0x000000ca675fb8c0
Event: 64.123 Thread 0x000001cddd0c5d60 DEOPT UNPACKING pc=0x000001cdedb26642 sp=0x000000ca675fad68 mode 1
Event: 64.123 Thread 0x000001cddd0c5d60 DEOPT PACKING pc=0x000001cde66e32c4 sp=0x000000ca675fb920
Event: 64.123 Thread 0x000001cddd0c5d60 DEOPT UNPACKING pc=0x000001cdedb26642 sp=0x000000ca675fadc8 mode 1
Event: 64.123 Thread 0x000001cddd0c5d60 DEOPT PACKING pc=0x000001cde672b5a4 sp=0x000000ca675fc290
Event: 64.123 Thread 0x000001cddd0c5d60 DEOPT UNPACKING pc=0x000001cdedb26642 sp=0x000000ca675fb740 mode 1
Event: 64.153 Thread 0x000001cddd0c5d60 DEOPT PACKING pc=0x000001cde6adb348 sp=0x000000ca675fbaa0
Event: 64.153 Thread 0x000001cddd0c5d60 DEOPT UNPACKING pc=0x000001cdedb26642 sp=0x000000ca675faf60 mode 0

Classes loaded (20 events):
Event: 64.156 Loading class java/util/concurrent/ConcurrentLinkedQueue$Node
Event: 64.156 Loading class java/util/concurrent/ConcurrentLinkedQueue$Node done
Event: 64.157 Loading class org/mockito/internal/stubbing/ConsecutiveStubbing
Event: 64.157 Loading class org/mockito/internal/stubbing/ConsecutiveStubbing done
Event: 64.158 Loading class net/bytebuddy/description/annotation/AnnotationSource$Empty
Event: 64.158 Loading class net/bytebuddy/description/annotation/AnnotationSource$Empty done
Event: 64.172 Loading class org/mockito/internal/creation/bytebuddy/MockMethodAdvice$RealMethodCall
Event: 64.172 Loading class org/mockito/internal/creation/bytebuddy/MockMethodAdvice$RealMethodCall done
Event: 64.173 Loading class org/mockito/internal/creation/bytebuddy/MockMethodAdvice$ReturnValueWrapper
Event: 64.173 Loading class org/mockito/internal/creation/bytebuddy/MockMethodAdvice$ReturnValueWrapper done
Event: 64.175 Loading class org/mockito/internal/matchers/ArrayEquals
Event: 64.175 Loading class org/mockito/internal/matchers/ArrayEquals done
Event: 64.177 Loading class org/mockito/internal/invocation/MatcherApplicationStrategy
Event: 64.177 Loading class org/mockito/internal/invocation/MatcherApplicationStrategy done
Event: 64.178 Loading class org/mockito/internal/invocation/TypeSafeMatching
Event: 64.178 Loading class org/mockito/internal/invocation/TypeSafeMatching done
Event: 64.180 Loading class org/mockito/ArgumentMatcher
Event: 64.180 Loading class org/mockito/ArgumentMatcher done
Event: 64.180 Loading class org/mockito/ArgumentMatcher
Event: 64.180 Loading class org/mockito/ArgumentMatcher done

Classes unloaded (0 events):
No events

Classes redefined (14 events):
Event: 0.197 Thread 0x000001cddd21e680 redefined class name=java.lang.Throwable, count=1
Event: 2.443 Thread 0x000001cddd21e680 redefined class name=org.springframework.data.repository.CrudRepository, count=1
Event: 2.443 Thread 0x000001cddd21e680 redefined class name=org.springframework.data.jpa.repository.JpaRepository, count=1
Event: 2.443 Thread 0x000001cddd21e680 redefined class name=org.springframework.data.repository.PagingAndSortingRepository, count=1
Event: 2.443 Thread 0x000001cddd21e680 redefined class name=org.springframework.data.repository.ListCrudRepository, count=1
Event: 2.443 Thread 0x000001cddd21e680 redefined class name=com.perfulandia.shoppingcartservice.repository.CartRepository, count=1
Event: 2.443 Thread 0x000001cddd21e680 redefined class name=org.springframework.data.repository.ListPagingAndSortingRepository, count=1
Event: 2.443 Thread 0x000001cddd21e680 redefined class name=org.springframework.data.repository.query.QueryByExampleExecutor, count=1
Event: 2.443 Thread 0x000001cddd21e680 redefined class name=org.springframework.data.repository.Repository, count=1
Event: 2.747 Thread 0x000001cddd21e680 redefined class name=org.springframework.http.client.support.HttpAccessor, count=1
Event: 2.747 Thread 0x000001cddd21e680 redefined class name=org.springframework.web.client.RestTemplate, count=2
Event: 2.748 Thread 0x000001cddd21e680 redefined class name=java.lang.Object, count=1
Event: 2.748 Thread 0x000001cddd21e680 redefined class name=org.springframework.web.client.RestOperations, count=2
Event: 2.748 Thread 0x000001cddd21e680 redefined class name=org.springframework.http.client.support.InterceptingHttpAccessor, count=3

Internal exceptions (20 events):
Event: 2.064 Thread 0x000001cddd0c5d60 Exception <a 'java/lang/NoSuchMethodError'{0x00000007141e2c38}: 'java.lang.Object java.lang.invoke.DirectMethodHandle$Holder.invokeStatic(java.lang.Object, java.lang.Object, java.lang.Object, java.lang.Object, java.lang.Object, java.lang.Object, java.lang.Object, java.lang.Object)'> (0x00000007141e2c38) 
thrown [s\open\src\hotspot\share\interpreter\linkResolver.cpp, line 805]
Event: 2.066 Thread 0x000001cddd0c5d60 Exception <a 'java/lang/NoSuchMethodError'{0x00000007141f61c8}: 'java.lang.Object java.lang.invoke.Invokers$Holder.invokeExact_MT(java.lang.Object, java.lang.Object, java.lang.Object, java.lang.Object, java.lang.Object, java.lang.Object)'> (0x00000007141f61c8) 
thrown [s\open\src\hotspot\share\interpreter\linkResolver.cpp, line 805]
Event: 2.072 Thread 0x000001cddd0c5d60 Exception <a 'java/lang/NoSuchMethodError'{0x0000000713e26f28}: 'long java.lang.invoke.DelegatingMethodHandle$Holder.reinvoke_L(java.lang.Object, java.lang.Object, java.lang.Object)'> (0x0000000713e26f28) 
thrown [s\open\src\hotspot\share\interpreter\linkResolver.cpp, line 805]
Event: 2.098 Thread 0x000001cddd0c5d60 Exception <a 'java/lang/NoSuchMethodError'{0x0000000713eb6368}: 'long java.lang.invoke.DelegatingMethodHandle$Holder.reinvoke_L(java.lang.Object, java.lang.Object, int)'> (0x0000000713eb6368) 
thrown [s\open\src\hotspot\share\interpreter\linkResolver.cpp, line 805]
Event: 2.099 Thread 0x000001cddd0c5d60 Exception <a 'java/lang/NoSuchMethodError'{0x0000000713eced08}: 'java.lang.Object java.lang.invoke.DirectMethodHandle$Holder.invokeStatic(java.lang.Object, java.lang.Object, java.lang.Object, java.lang.Object, int)'> (0x0000000713eced08) 
thrown [s\open\src\hotspot\share\interpreter\linkResolver.cpp, line 805]
Event: 2.101 Thread 0x000001cddd0c5d60 Exception <a 'java/lang/NoSuchMethodError'{0x0000000713ef1130}: 'void java.lang.invoke.DelegatingMethodHandle$Holder.reinvoke_L(java.lang.Object, java.lang.Object, java.lang.Object, long, int)'> (0x0000000713ef1130) 
thrown [s\open\src\hotspot\share\interpreter\linkResolver.cpp, line 805]
Event: 2.173 Thread 0x000001cddd0c5d60 Exception <a 'java/lang/ClassNotFoundException'{0x0000000713d9e328}: java/lang/ClassLoader$ByteBuddyAccessor$V1> (0x0000000713d9e328) 
thrown [s\open\src\hotspot\share\classfile\systemDictionary.cpp, line 327]
Event: 2.174 Thread 0x000001cddd0c5d60 Exception <a 'java/lang/NoSuchMethodError'{0x0000000713db07f8}: 'java.lang.Object java.lang.invoke.DelegatingMethodHandle$Holder.reinvoke_L(java.lang.Object, java.lang.Object, java.lang.Object, java.lang.Object, int, int, java.lang.Object, java.lang.Object)'> (0x0000000713db07f8) 
thrown [s\open\src\hotspot\share\interpreter\linkResolver.cpp, line 805]
Event: 2.179 Thread 0x000001cddd0c5d60 Exception <a 'java/lang/NoSuchMethodError'{0x0000000713df0438}: 'java.lang.Object java.lang.invoke.DirectMethodHandle$Holder.invokeStatic(java.lang.Object, java.lang.Object, java.lang.Object, java.lang.Object, java.lang.Object, java.lang.Object, java.lang.Object, java.lang.Object, java.lang.Object)'> (0x0000000713df0438) 
thrown [s\open\src\hotspot\share\interpreter\linkResolver.cpp, line 805]
Event: 2.183 Thread 0x000001cddd0c5d60 Exception <a 'java/lang/NoSuchMethodError'{0x0000000713a1ce70}: 'void java.lang.invoke.DelegatingMethodHandle$Holder.delegate(java.lang.Object, java.lang.Object, int, java.lang.Object)'> (0x0000000713a1ce70) 
thrown [s\open\src\hotspot\share\interpreter\linkResolver.cpp, line 805]
Event: 2.185 Thread 0x000001cddd0c5d60 Exception <a 'java/lang/NoSuchMethodError'{0x0000000713a432c0}: 'java.lang.Object java.lang.invoke.DirectMethodHandle$Holder.invokeStatic(java.lang.Object, java.lang.Object, java.lang.Object, java.lang.Object, java.lang.Object, java.lang.Object, java.lang.Object, java.lang.Object, java.lang.Object, java.lang.Object)'> (0x0000000713a432c0) 
thrown [s\open\src\hotspot\share\interpreter\linkResolver.cpp, line 805]
Event: 2.244 Thread 0x000001cddd0c5d60 Exception <a 'java/lang/NoSuchMethodError'{0x0000000713915940}: 'int java.lang.invoke.DirectMethodHandle$Holder.invokeInterface(java.lang.Object, java.lang.Object)'> (0x0000000713915940) 
thrown [s\open\src\hotspot\share\interpreter\linkResolver.cpp, line 805]
Event: 2.375 Thread 0x000001cddd0c5d60 Exception <a 'java/lang/NoSuchMethodError'{0x00000007132a61c8}: 'int java.lang.invoke.DirectMethodHandle$Holder.invokeVirtual(java.lang.Object, java.lang.Object, java.lang.Object)'> (0x00000007132a61c8) 
thrown [s\open\src\hotspot\share\interpreter\linkResolver.cpp, line 805]
Event: 2.553 Thread 0x000001cddd0c5d60 Exception <a 'java/lang/IncompatibleClassChangeError'{0x0000000712d6c988}: Found class java.lang.Object, but interface was expected> (0x0000000712d6c988) 
thrown [s\open\src\hotspot\share\interpreter\linkResolver.cpp, line 872]
Event: 2.574 Thread 0x000001cddd0c5d60 Exception <a 'java/lang/NoSuchMethodError'{0x0000000712a75d08}: 'java.lang.Object java.lang.invoke.DirectMethodHandle$Holder.invokeVirtual(java.lang.Object, java.lang.Object, java.lang.Object, java.lang.Object)'> (0x0000000712a75d08) 
thrown [s\open\src\hotspot\share\interpreter\linkResolver.cpp, line 805]
Event: 2.581 Thread 0x000001cddd0c5d60 Exception <a 'java/lang/NoSuchMethodError'{0x0000000712aad8d8}: 'java.lang.Object java.lang.invoke.DelegatingMethodHandle$Holder.reinvoke_L(java.lang.Object, java.lang.Object, java.lang.Object, java.lang.Object, java.lang.Object, int, int, java.lang.Object)'> (0x0000000712aad8d8) 
thrown [s\open\src\hotspot\share\interpreter\linkResolver.cpp, line 805]
Event: 2.589 Thread 0x000001cddd0c5d60 Exception <a 'java/lang/NoSuchMethodError'{0x0000000712b1cd60}: 'java.lang.Object java.lang.invoke.Invokers$Holder.invoker(java.lang.Object, java.lang.Object)'> (0x0000000712b1cd60) 
thrown [s\open\src\hotspot\share\interpreter\linkResolver.cpp, line 805]
Event: 2.590 Thread 0x000001cddd0c5d60 Exception <a 'java/lang/NoSuchMethodError'{0x0000000712b2ffb8}: 'java.lang.Object java.lang.invoke.Invokers$Holder.invoker(java.lang.Object, java.lang.Object, java.lang.Object, java.lang.Object)'> (0x0000000712b2ffb8) 
thrown [s\open\src\hotspot\share\interpreter\linkResolver.cpp, line 805]
Event: 2.598 Thread 0x000001cddd0c5d60 Exception <a 'java/lang/NoSuchMethodError'{0x0000000712b7da08}: 'java.lang.Object java.lang.invoke.Invokers$Holder.invoker(java.lang.Object, java.lang.Object, java.lang.Object)'> (0x0000000712b7da08) 
thrown [s\open\src\hotspot\share\interpreter\linkResolver.cpp, line 805]
Event: 3.063 Thread 0x000001cddd0c5d60 Exception <a 'java/lang/IncompatibleClassChangeError'{0x0000000711aed728}: Found class java.lang.Object, but interface was expected> (0x0000000711aed728) 
thrown [s\open\src\hotspot\share\interpreter\linkResolver.cpp, line 872]

VM Operations (20 events):
Event: 2.440 Executing VM operation: RedefineClasses
Event: 2.447 Executing VM operation: RedefineClasses done
Event: 2.448 Executing VM operation: get/set locals
Event: 2.448 Executing VM operation: get/set locals done
Event: 2.744 Executing VM operation: RedefineClasses
Event: 2.754 Executing VM operation: RedefineClasses done
Event: 2.758 Executing VM operation: get/set locals
Event: 2.758 Executing VM operation: get/set locals done
Event: 2.794 Executing VM operation: ChangeBreakpoints
Event: 2.795 Executing VM operation: ChangeBreakpoints done
Event: 2.828 Executing VM operation: get/set locals
Event: 2.828 Executing VM operation: get/set locals done
Event: 60.150 Executing VM operation: HandshakeAllThreads (HandshakeForDeflation)
Event: 60.150 Executing VM operation: HandshakeAllThreads (HandshakeForDeflation) done
Event: 60.150 Executing VM operation: RendezvousGCThreads
Event: 60.150 Executing VM operation: RendezvousGCThreads done
Event: 60.767 Executing VM operation: ChangeBreakpoints
Event: 60.767 Executing VM operation: ChangeBreakpoints done
Event: 61.813 Executing VM operation: ChangeBreakpoints
Event: 61.813 Executing VM operation: ChangeBreakpoints done

Memory protections (0 events):
No events

Nmethod flushes (0 events):
No events

Events (20 events):
Event: 0.043 Thread 0x000001cddd0c5d60 Thread added: 0x000001cddd237b20
Event: 0.043 Thread 0x000001cddd0c5d60 Thread added: 0x000001cddd2389c0
Event: 0.043 Thread 0x000001cddd0c5d60 Thread added: 0x000001cddd236530
Event: 0.043 Thread 0x000001cddd0c5d60 Thread added: 0x000001cddd239110
Event: 0.043 Thread 0x000001cddd0c5d60 Thread added: 0x000001cdc1126360
Event: 0.043 Thread 0x000001cddd0c5d60 Thread added: 0x000001cddd24e060
Event: 0.123 Thread 0x000001cdc1126360 Thread added: 0x000001cdc1271ce0
Event: 0.130 Thread 0x000001cddd0c5d60 Thread added: 0x000001cdc130ee00
Event: 0.130 Thread 0x000001cddd0c5d60 Thread added: 0x000001cdc130f550
Event: 0.131 Thread 0x000001cdc130ee00 Thread added: 0x000001cdc130fca0
Event: 0.174 Thread 0x000001cddd0c5d60 Thread added: 0x000001cddd236c80
Event: 0.202 Thread 0x000001cddd0c5d60 Thread added: 0x000001cddd2373d0
Event: 0.210 Thread 0x000001cddd0c5d60 Thread added: 0x000001cddd238270
Event: 1.424 Thread 0x000001cdc1271ce0 Thread exited: 0x000001cdc1271ce0
Event: 1.522 Thread 0x000001cddd24e060 Thread added: 0x000001cdc6b10450
Event: 2.685 Thread 0x000001cdc1126360 Thread added: 0x000001cdc75fd220
Event: 8.081 Thread 0x000001cdc6b10450 Thread exited: 0x000001cdc6b10450
Event: 8.081 Thread 0x000001cdc75fd220 Thread exited: 0x000001cdc75fd220
Event: 64.159 Thread 0x000001cddd24e060 Thread added: 0x000001cdc75fa4c0
Event: 64.159 Thread 0x000001cddd24e060 Thread added: 0x000001cdc75fd220


Dynamic libraries:
0x00007ff6096b0000 - 0x00007ff6096be000 	C:\Users\BASTI\.jdks\openjdk-24.0.1\bin\java.exe
0x00007ffce01e0000 - 0x00007ffce0445000 	C:\WINDOWS\SYSTEM32\ntdll.dll
0x00007ffcdf150000 - 0x00007ffcdf219000 	C:\WINDOWS\System32\KERNEL32.DLL
0x00007ffcdd890000 - 0x00007ffcddc78000 	C:\WINDOWS\System32\KERNELBASE.dll
0x00007ffcdd330000 - 0x00007ffcdd47b000 	C:\WINDOWS\System32\ucrtbase.dll
0x00007ffccbbd0000 - 0x00007ffccbbeb000 	C:\Users\BASTI\.jdks\openjdk-24.0.1\bin\VCRUNTIME140.dll
0x00007ffcd46e0000 - 0x00007ffcd46f6000 	C:\Users\BASTI\.jdks\openjdk-24.0.1\bin\jli.dll
0x00007ffcde8a0000 - 0x00007ffcdea6a000 	C:\WINDOWS\System32\USER32.dll
0x00007ffcaf0c0000 - 0x00007ffcaf35a000 	C:\WINDOWS\WinSxS\amd64_microsoft.windows.common-controls_6595b64144ccf1df_6.0.26100.4202_none_3e0698d4e335f517\COMCTL32.dll
0x00007ffcdd480000 - 0x00007ffcdd4a7000 	C:\WINDOWS\System32\win32u.dll
0x00007ffcddff0000 - 0x00007ffcde099000 	C:\WINDOWS\System32\msvcrt.dll
0x00007ffcde7f0000 - 0x00007ffcde81b000 	C:\WINDOWS\System32\GDI32.dll
0x00007ffcdd4b0000 - 0x00007ffcdd5e7000 	C:\WINDOWS\System32\gdi32full.dll
0x00007ffcdd5f0000 - 0x00007ffcdd693000 	C:\WINDOWS\System32\msvcp_win.dll
0x00007ffcddfb0000 - 0x00007ffcddfe0000 	C:\WINDOWS\System32\IMM32.DLL
0x00007ffccbc60000 - 0x00007ffccbc6c000 	C:\Users\BASTI\.jdks\openjdk-24.0.1\bin\vcruntime140_1.dll
0x00007ffcc2ee0000 - 0x00007ffcc2f6e000 	C:\Users\BASTI\.jdks\openjdk-24.0.1\bin\msvcp140.dll
0x00007ffc75c40000 - 0x00007ffc769e2000 	C:\Users\BASTI\.jdks\openjdk-24.0.1\bin\server\jvm.dll
0x00007ffcdf430000 - 0x00007ffcdf4e3000 	C:\WINDOWS\System32\ADVAPI32.dll
0x00007ffcde3f0000 - 0x00007ffcde496000 	C:\WINDOWS\System32\sechost.dll
0x00007ffce0080000 - 0x00007ffce0195000 	C:\WINDOWS\System32\RPCRT4.dll
0x00007ffcdf0d0000 - 0x00007ffcdf144000 	C:\WINDOWS\System32\WS2_32.dll
0x00007ffcdd180000 - 0x00007ffcdd1de000 	C:\WINDOWS\SYSTEM32\POWRPROF.dll
0x00007ffcd1920000 - 0x00007ffcd192b000 	C:\WINDOWS\SYSTEM32\VERSION.dll
0x00007ffcd19c0000 - 0x00007ffcd19f5000 	C:\WINDOWS\SYSTEM32\WINMM.dll
0x00007ffcdd160000 - 0x00007ffcdd174000 	C:\WINDOWS\SYSTEM32\UMPDC.dll
0x00007ffcdc0b0000 - 0x00007ffcdc0cb000 	C:\WINDOWS\SYSTEM32\kernel.appcore.dll
0x00007ffcd4730000 - 0x00007ffcd473a000 	C:\Users\BASTI\.jdks\openjdk-24.0.1\bin\jimage.dll
0x00007ffcdaa50000 - 0x00007ffcdac91000 	C:\WINDOWS\SYSTEM32\DBGHELP.DLL
0x00007ffcdf520000 - 0x00007ffcdf8a5000 	C:\WINDOWS\System32\combase.dll
0x00007ffcde4a0000 - 0x00007ffcde581000 	C:\WINDOWS\System32\OLEAUT32.dll
0x00007ffcb93d0000 - 0x00007ffcb9409000 	C:\WINDOWS\SYSTEM32\dbgcore.DLL
0x00007ffcdd6a0000 - 0x00007ffcdd739000 	C:\WINDOWS\System32\bcryptPrimitives.dll
0x00007ffcbb0a0000 - 0x00007ffcbb0dc000 	C:\Users\BASTI\.jdks\openjdk-24.0.1\bin\jdwp.dll
0x00007ffccbbf0000 - 0x00007ffccbbff000 	C:\Users\BASTI\.jdks\openjdk-24.0.1\bin\instrument.dll
0x00007ffccbc90000 - 0x00007ffccbcae000 	C:\Users\BASTI\.jdks\openjdk-24.0.1\bin\java.dll
0x00007ffcde590000 - 0x00007ffcde72e000 	C:\WINDOWS\System32\ole32.dll
0x00007ffcdf930000 - 0x00007ffce0072000 	C:\WINDOWS\System32\SHELL32.dll
0x00007ffcddc80000 - 0x00007ffcdddf4000 	C:\WINDOWS\System32\wintypes.dll
0x00007ffc78e50000 - 0x00007ffc79048000 	C:\Users\BASTI\AppData\Local\Temp\idea_libasyncProfiler_dll_temp_folder8\libasyncProfiler.dll
0x00007ffccbc00000 - 0x00007ffccbc17000 	C:\Users\BASTI\.jdks\openjdk-24.0.1\bin\zip.dll
0x00007ffcdaf50000 - 0x00007ffcdb7a8000 	C:\WINDOWS\SYSTEM32\windows.storage.dll
0x00007ffcdf330000 - 0x00007ffcdf421000 	C:\WINDOWS\System32\SHCORE.dll
0x00007ffcde0a0000 - 0x00007ffcde10a000 	C:\WINDOWS\System32\shlwapi.dll
0x00007ffcdd240000 - 0x00007ffcdd26f000 	C:\WINDOWS\SYSTEM32\profapi.dll
0x00007ffcb8c60000 - 0x00007ffcb8d37000 	C:\Users\BASTI\.jdks\openjdk-24.0.1\bin\jsvml.dll
0x00007ffccbbb0000 - 0x00007ffccbbbc000 	C:\Users\BASTI\.jdks\openjdk-24.0.1\bin\dt_socket.dll
0x00007ffcdbb10000 - 0x00007ffcdbb43000 	C:\WINDOWS\SYSTEM32\IPHLPAPI.DLL
0x00007ffcdc600000 - 0x00007ffcdc66a000 	C:\WINDOWS\system32\mswsock.dll
0x00007ffcd4720000 - 0x00007ffcd4730000 	C:\Users\BASTI\.jdks\openjdk-24.0.1\bin\net.dll
0x00007ffccbc70000 - 0x00007ffccbc86000 	C:\Users\BASTI\.jdks\openjdk-24.0.1\bin\nio.dll
0x00007ffcdc9e0000 - 0x00007ffcdc9fb000 	C:\WINDOWS\SYSTEM32\CRYPTSP.dll
0x00007ffcdc010000 - 0x00007ffcdc04a000 	C:\WINDOWS\system32\rsaenh.dll
0x00007ffcdc6a0000 - 0x00007ffcdc6cb000 	C:\WINDOWS\SYSTEM32\USERENV.dll
0x00007ffcdd210000 - 0x00007ffcdd236000 	C:\WINDOWS\SYSTEM32\bcrypt.dll
0x00007ffcdc840000 - 0x00007ffcdc84c000 	C:\WINDOWS\SYSTEM32\CRYPTBASE.dll
0x00007ffcde890000 - 0x00007ffcde89a000 	C:\WINDOWS\System32\NSI.dll
0x00007ffccba40000 - 0x00007ffccba50000 	C:\Users\BASTI\.jdks\openjdk-24.0.1\bin\verify.dll

JVMTI agents:
jdwp path:C:\Users\BASTI\.jdks\openjdk-24.0.1\bin\jdwp.dll, loaded, initialized, options:transport=dt_socket,address=127.0.0.1:65210,suspend=y,server=n
C:\Users\BASTI\AppData\Local\JetBrains\IntelliJIdea2025.1\captureAgent\debugger-agent.jar path:C:\Users\BASTI\.jdks\openjdk-24.0.1\bin\instrument.dll, loaded, initialized, instrumentlib options:file:///C:/Users/BASTI/AppData/Local/Temp/capture11613607414332592580.props
C:\Users\BASTI\AppData\Local\Temp\idea_libasyncProfiler_dll_temp_folder8\libasyncProfiler.dll path:C:\Users\BASTI\AppData\Local\Temp\idea_libasyncProfiler_dll_temp_folder8\libasyncProfiler.dll, loaded, initialized, options:version,jfr,event=wall,interval=10ms,cstack=no,file=C:\Users\BASTI\IdeaSnapshots\ShoppingCartServiceTest_testSave_2025_07_10_100626.jfr,dbghelppath=C:\Users\BASTI\AppData\Local\Temp\idea_dbghelp_dll_temp_folder\dbghelp.dll,log=C:\Users\BASTI\AppData\Local\Temp\ShoppingCartServiceTest_testSave_2025_07_10_100626.jfr.log.txt,logLevel=DEBUG
C:\Users\BASTI\.m2\repository\net\bytebuddy\byte-buddy-agent\1.15.11\byte-buddy-agent-1.15.11.jar path:C:\Users\BASTI\.jdks\openjdk-24.0.1\bin\instrument.dll, loaded, initialized, dynamic instrumentlib options:none

dbghelp: loaded successfully - version: 4.0.5 - missing functions: none
symbol engine: initialized successfully - sym options: 0x614 - pdb path: .;C:\Users\BASTI\.jdks\openjdk-24.0.1\bin;C:\WINDOWS\SYSTEM32;C:\WINDOWS\WinSxS\amd64_microsoft.windows.common-controls_6595b64144ccf1df_6.0.26100.4202_none_3e0698d4e335f517;C:\Users\BASTI\.jdks\openjdk-24.0.1\bin\server;C:\Users\BASTI\AppData\Local\Temp\idea_libasyncProfiler_dll_temp_folder8

VM Arguments:
jvm_args: -agentlib:jdwp=transport=dt_socket,address=127.0.0.1:65210,suspend=y,server=n -javaagent:C:\Users\BASTI\AppData\Local\JetBrains\IntelliJIdea2025.1\captureAgent\debugger-agent.jar=file:///C:/Users/BASTI/AppData/Local/Temp/capture11613607414332592580.props -ea -agentpath:C:\Users\BASTI\AppData\Local\Temp\idea_libasyncProfiler_dll_temp_folder8\libasyncProfiler.dll=version,jfr,event=wall,interval=10ms,cstack=no,file=C:\Users\BASTI\IdeaSnapshots\ShoppingCartServiceTest_testSave_2025_07_10_100626.jfr,dbghelppath=C:\Users\BASTI\AppData\Local\Temp\idea_dbghelp_dll_temp_folder\dbghelp.dll,log=C:\Users\BASTI\AppData\Local\Temp\ShoppingCartServiceTest_testSave_2025_07_10_100626.jfr.log.txt,logLevel=DEBUG -Didea.test.cyclic.buffer.size=1048576 -Dkotlinx.coroutines.debug.enable.creation.stack.trace=false -Ddebugger.agent.enable.coroutines=true -Dkotlinx.coroutines.debug.enable.flows.stack.trace=true -Dkotlinx.coroutines.debug.enable.mutable.state.flows.stack.trace=true -Dfile.encoding=UTF-8 -Dsun.stdout.encoding=UTF-8 -Dsun.stderr.encoding=UTF-8 
java_command: com.intellij.rt.junit.JUnitStarter -ideVersion5 -junit5 com.perfulandia.shoppingcartservice.service.ShoppingCartServiceTest,testSave
java_class_path (initial): C:\Users\BASTI\.m2\repository\org\junit\platform\junit-platform-launcher\1.11.4\junit-platform-launcher-1.11.4.jar;C:\Program Files\JetBrains\IntelliJ IDEA 2025.1.1.1\lib\idea_rt.jar;C:\Program Files\JetBrains\IntelliJ IDEA 2025.1.1.1\plugins\junit\lib\junit5-rt.jar;C:\Program Files\JetBrains\IntelliJ IDEA 2025.1.1.1\plugins\junit\lib\junit-rt.jar;C:\Users\BASTI\Desktop\CLONES\perfulandia_clon1\shoppingcartservice\shoppingcartservice\target\test-classes;C:\Users\BASTI\Desktop\CLONES\perfulandia_clon1\shoppingcartservice\shoppingcartservice\target\classes;C:\Users\BASTI\.m2\repository\org\springframework\boot\spring-boot-starter-data-jpa\3.4.6\spring-boot-starter-data-jpa-3.4.6.jar;C:\Users\BASTI\.m2\repository\org\springframework\boot\spring-boot-starter\3.4.6\spring-boot-starter-3.4.6.jar;C:\Users\BASTI\.m2\repository\org\springframework\boot\spring-boot-starter-logging\3.4.6\spring-boot-starter-logging-3.4.6.jar;C:\Users\BASTI\.m2\repository\ch\qos\logback\logback-classic\1.5.18\logback-classic-1.5.18.jar;C:\Users\BASTI\.m2\repository\ch\qos\logback\logback-core\1.5.18\logback-core-1.5.18.jar;C:\Users\BASTI\.m2\repository\org\apache\logging\log4j\log4j-to-slf4j\2.24.3\log4j-to-slf4j-2.24.3.jar;C:\Users\BASTI\.m2\repository\org\apache\logging\log4j\log4j-api\2.24.3\log4j-api-2.24.3.jar;C:\Users\BASTI\.m2\repository\org\slf4j\jul-to-slf4j\2.0.17\jul-to-slf4j-2.0.17.jar;C:\Users\BASTI\.m2\repository\jakarta\annotation\jakarta.annotation-api\2.1.1\jakarta.annotation-api-2.1.1.jar;C:\Users\BASTI\.m2\repository\org\yaml\snakeyaml\2.3\snakeyaml-2.3.jar;C:\Users\BASTI\.m2\repository\org\springframework\boot\spring-boot-starter-jdbc\3.4.6\spring-boot-starter-jdbc-3.4.6.jar;C:\Users\BASTI\.m2\repository\com\zaxxer\HikariCP\5.1.0\HikariCP-5.1.0.jar;C:\Users\BASTI\.m2\repository\org\springframework\spring-jdbc\6.2.7\spring-jdbc-6.2.7.jar;C:\Users\BASTI\.m2\repository\org\hibernate\orm\hibernate-core\6.6.15.Final\hibernate-core-6.6.15.Final.jar;C:\Users\BASTI\.m2\repository\jakarta\persistence\jakarta.persistence-api\3.1.0\jakarta.persistence-api-3.1.0.jar;C:\Users\BASTI\.m2\repository\jakarta\transaction\jakarta.transaction-api\2.0.1\jakarta.transaction-api-2.0.1.jar;C:\Users\BASTI\.m2\repository\org\jboss\logging\jboss-logging\3.6.1.Final\jboss-logging-3.6.1.Final.jar;C:\Users\BASTI\.m2\repository\org\hibernate\common\hibernate-commons-annotations\7.0.3.Final\hibernate-commons-annotations-7.0.3.Final.jar;C:\Users\BASTI\.m2\repository\io\smallrye\jandex\3.2.0\jandex-3.2.0.jar;C:\Users\BASTI\.m2\repository\com\fasterxml\classmate\1.7.0\classmate-1.7.0.jar;C:\Users\BASTI\.m2\repository\net\bytebuddy\byte-buddy\1.15.11\byte-buddy-1.15.11.jar;C:\Users\BASTI\.m2\repository\org\glassfish\jaxb\jaxb-runtime\4.0.5\jaxb-runtime-4.0.5.jar;C:\Users\BASTI\.m2\repository\org\glassfish\jaxb\jaxb-core\4.0.5\jaxb-core-4.0.5.jar;C:\Users\BASTI\.m2\repository\org\eclipse\angus\angus-activation\2.0.2\angus-activation-2.0.2.jar;C:\Users\BASTI\.m2\repository\org\glassfish\jaxb\txw2\4.0.5\txw2-4.0.5.jar;C:\Users\BASTI\.m2\repository\com\sun\istack\istack-commons-runtime\4.1.2\istack-commons-runtime-4.1.2.jar;C:\Users\BASTI\.m2\repository\jakarta\inject\jakarta.inject-api\2.0.1\jakarta.inject-api-2.0.1.jar;C:\Users\BASTI\.m2\repository\org\antlr\antlr4-runtime\4.13.0\antlr4-runtime-4.13.0.jar;C:\Users\BASTI\.m2\repository\org\springframework\data\spring-data-jpa\3.4.6\spring-data-jpa-3.4.6.jar;C:\Users\BASTI\.m2\repository\org\springframework\data\spring-data-commons\3.4.6\spring-data-commons-3.4.6.jar;C:\Users\BASTI\.m2\repository\org\springframework\spring-orm\6.2.7\spring-orm-6.2.7.jar;C:\Users\BASTI\.m2\repository\org\springframework\spring-context\6.2.7\spring-context-6.2.7.jar;C:\Users\BASTI\.m2\repository\org\springframework\spring-aop\6.2.7\spring-aop-6.2.7.jar;C:\Users\BASTI\.m2\repository\org\springframework\spring-tx\6.2.7\spring-tx-6.2.7.jar;C:\Users\BASTI\.m2\repository\org\springframework\spring-beans\6.2.7\spring-beans-6.2.7.jar;C:\Users\BASTI\.m2\repository\org\slf4j\slf4j-api\2.0.17\slf4j-api-2.0.17.jar;C:\Users\BASTI\.m2\repository\org\springframework\spring-aspects\6.2.7\spring-aspects-6.2.7.jar;C:\Users\BASTI\.m2\repository\org\aspectj\aspectjweaver\1.9.24\aspectjweaver-1.9.24.jar;C:\Users\BASTI\.m2\repository\org\springframework\boot\spring-boot-starter-web\3.4.6\spring-boot-starter-web-3.4.6.jar;C:\Users\BASTI\.m2\repository\org\springframework\boot\spring-boot-starter-json\3.4.6\spring-boot-starter-json-3.4.6.jar;C:\Users\BASTI\.m2\repository\com\fasterxml\jackson\core\jackson-databind\2.18.4\jackson-databind-2.18.4.jar;C:\Users\BASTI\.m2\repository\com\fasterxml\jackson\core\jackson-annotations\2.18.4\jackson-annotations-2.18.4.jar;C:\Users\BASTI\.m2\repository\com\fasterxml\jackson\core\jackson-core\2.18.4\jackson-core-2.18.4.jar;C:\Users\BASTI\.m2\repository\com\fasterxml\jackson\datatype\jackson-datatype-jdk8\2.18.4\jackson-datatype-jdk8-2.18.4.jar;C:\Users\BASTI\.m2\repository\com\fasterxml\jackson\datatype\jackson-datatype-jsr310\2.18.4\jackson-datatype-jsr310-2.18.4.jar;C:\Users\BASTI\.m2\repository\com\fasterxml\jackson\module\jackson-module-parameter-names\2.18.4\jackson-module-parameter-names-2.18.4.jar;C:\Users\BASTI\.m2\repository\org\springframework\boot\spring-boot-starter-tomcat\3.4.6\spring-boot-starter-tomcat-3.4.6.jar;C:\Users\BASTI\.m2\repository\org\apache\tomcat\embed\tomcat-embed-core\10.1.41\tomcat-embed-core-10.1.41.jar;C:\Users\BASTI\.m2\repository\org\apache\tomcat\embed\tomcat-embed-el\10.1.41\tomcat-embed-el-10.1.41.jar;C:\Users\BASTI\.m2\repository\org\apache\tomcat\embed\tomcat-embed-websocket\10.1.41\tomcat-embed-websocket-10.1.41.jar;C:\Users\BASTI\.m2\repository\org\springframework\spring-web\6.2.7\spring-web-6.2.7.jar;C:\Users\BASTI\.m2\repository\io\micrometer\micrometer-observation\1.14.7\micrometer-observation-1.14.7.jar;C:\Users\BASTI\.m2\repository\io\micrometer\micrometer-commons\1.14.7\micrometer-commons-1.14.7.jar;C:\Users\BASTI\.m2\repository\org\springframework\spring-webmvc\6.2.7\spring-webmvc-6.2.7.jar;C:\Users\BASTI\.m2\repository\org\springframework\spring-expression\6.2.7\spring-expression-6.2.7.jar;C:\Users\BASTI\.m2\repository\org\springframework\boot\spring-boot-devtools\3.4.6\spring-boot-devtools-3.4.6.jar;C:\Users\BASTI\.m2\repository\org\springframework\boot\spring-boot\3.4.6\spring-boot-3.4.6.jar;C:\Users\BASTI\.m2\repository\org\springframework\boot\spring-boot-autoconfigure\3.4.6\spring-boot-autoconfigure-3.4.6.jar;C:\Users\BASTI\.m2\repository\com\mysql\mysql-connector-j\9.1.0\mysql-connector-j-9.1.0.jar;C:\Users\BASTI\.m2\repository\org\projectlombok\lombok\1.18.38\lombok-1.18.38.jar;C:\Users\BASTI\.m2\repository\org\springframework\boot\spring-boot-starter-test\3.4.6\spring-boot-starter-test-3.4.6.jar;C:\Users\BASTI\.m2\repository\org\springframework\boot\spring-boot-test\3.4.6\spring-boot-test-3.4.6.jar;C:\Users\BASTI\.m2\repository\org\springframework\boot\spring-boot-test-autoconfigure\3.4.6\spring-boot-test-autoconfigure-3.4.6.jar;C:\Users\BASTI\.m2\repository\com\jayway\jsonpath\json-path\2.9.0\json-path-2.9.0.jar;C:\Users\BASTI\.m2\repository\jakarta\xml\bind\jakarta.xml.bind-api\4.0.2\jakarta.xml.bind-api-4.0.2.jar;C:\Users\BASTI\.m2\repository\jakarta\activation\jakarta.activation-api\2.1.3\jakarta.activation-api-2.1.3.jar;C:\Users\BASTI\.m2\repository\net\minidev\json-smart\2.5.2\json-smart-2.5.2.jar;C:\Users\BASTI\.m2\repository\net\minidev\accessors-smart\2.5.2\accessors-smart-2.5.2.jar;C:\Users\BASTI\.m2\repository\org\ow2\asm\asm\9.7.1\asm-9.7.1.jar;C:\Users\BASTI\.m2\repository\org\assertj\assertj-core\3.26.3\assertj-core-3.26.3.jar;C:\Users\BASTI\.m2\repository\org\awaitility\awaitility\4.2.2\awaitility-4.2.2.jar;C:\Users\BASTI\.m2\repository\org\hamcrest\hamcrest\2.2\hamcrest-2.2.jar;C:\Users\BASTI\.m2\repository\org\junit\jupiter\junit-jupiter\5.11.4\junit-jupiter-5.11.4.jar;C:\Users\BASTI\.m2\repository\org\junit\jupiter\junit-jupiter-api\5.11.4\junit-jupiter-api-5.11.4.jar;C:\Users\BASTI\.m2\repository\org\opentest4j\opentest4j\1.3.0\opentest4j-1.3.0.jar;C:\Users\BASTI\.m2\repository\org\junit\platform\junit-platform-commons\1.11.4\junit-platform-commons-1.11.4.jar;C:\Users\BASTI\.m2\repository\org\apiguardian\apiguardian-api\1.1.2\apiguardian-api-1.1.2.jar;C:\Users\BASTI\.m2\repository\org\junit\jupiter\junit-jupiter-params\5.11.4\junit-jupiter-params-5.11.4.jar;C:\Users\BASTI\.m2\repository\org\junit\jupiter\junit-jupiter-engine\5.11.4\junit-jupiter-engine-5.11.4.jar;C:\Users\BASTI\.m2\repository\org\junit\platform\junit-platform-engine\1.11.4\junit-platform-engine-1.11.4.jar;C:\Users\BASTI\.m2\repository\org\mockito\mockito-core\5.14.2\mockito-core-5.14.2.jar;C:\Users\BASTI\.m2\repository\net\bytebuddy\byte-buddy-agent\1.15.11\byte-buddy-agent-1.15.11.jar;C:\Users\BASTI\.m2\repository\org\objenesis\objenesis\3.3\objenesis-3.3.jar;C:\Users\BASTI\.m2\repository\org\mockito\mockito-junit-jupiter\5.14.2\mockito-junit-jupiter-5.14.2.jar;C:\Users\BASTI\.m2\repository\org\skyscreamer\jsonassert\1.5.3\jsonassert-1.5.3.jar;C:\Users\BASTI\.m2\repository\com\vaadin\external\google\android-json\0.0.20131108.vaadin1\android-json-0.0.20131108.vaadin1.jar;C:\Users\BASTI\.m2\repository\org\springframework\spring-core\6.2.7\spring-core-6.2.7.jar;C:\Users\BASTI\.m2\repository\org\springframework\spring-jcl\6.2.7\spring-jcl-6.2.7.jar;C:\Users\BASTI\.m2\repository\org\springframework\spring-test\6.2.7\spring-test-6.2.7.jar;C:\Users\BASTI\.m2\repository\org\xmlunit\xmlunit-core\2.10.1\xmlunit-core-2.10.1.jar
Launcher Type: SUN_STANDARD

[Global flags]
     intx CICompilerCount                          = 4                                         {product} {ergonomic}
     uint ConcGCThreads                            = 2                                         {product} {ergonomic}
     uint G1ConcRefinementThreads                  = 8                                         {product} {ergonomic}
   size_t G1HeapRegionSize                         = 2097152                                   {product} {ergonomic}
   size_t InitialHeapSize                          = 264241152                                 {product} {ergonomic}
   size_t MarkStackSize                            = 4194304                                   {product} {ergonomic}
   size_t MarkStackSizeMax                         = 536870912                                 {product} {ergonomic}
   size_t MaxHeapSize                              = 4213178368                                {product} {ergonomic}
   size_t MaxNewSize                               = 2527068160                                {product} {ergonomic}
   size_t MinHeapDeltaBytes                        = 2097152                                   {product} {ergonomic}
   size_t MinHeapSize                              = 8388608                                   {product} {ergonomic}
    uintx NonNMethodCodeHeapSize                   = 5832704                                {pd product} {ergonomic}
    uintx NonProfiledCodeHeapSize                  = 122945536                              {pd product} {ergonomic}
    uintx ProfiledCodeHeapSize                     = 122880000                              {pd product} {ergonomic}
    uintx ReservedCodeCacheSize                    = 251658240                              {pd product} {ergonomic}
     bool SegmentedCodeCache                       = true                                      {product} {ergonomic}
   size_t SoftMaxHeapSize                          = 4213178368                             {manageable} {ergonomic}
     bool UseCompressedOops                        = true                           {product lp64_product} {ergonomic}
     bool UseG1GC                                  = true                                      {product} {ergonomic}
     bool UseLargePagesIndividualAllocation        = false                                  {pd product} {ergonomic}

Logging:
Log output configuration:
 #0: stdout all=warning uptime,level,tags foldmultilines=false
 #1: stderr all=off uptime,level,tags foldmultilines=false

Environment Variables:
PATH=C:\Program Files (x86)\Common Files\Oracle\Java\java8path;C:\Program Files (x86)\Common Files\Oracle\Java\javapath;C:\WINDOWS\system32;C:\WINDOWS;C:\WINDOWS\System32\Wbem;C:\WINDOWS\System32\WindowsPowerShell\v1.0\;C:\WINDOWS\System32\OpenSSH\;C:\Program Files\Git\cmd;C:\Program Files\nodejs\;C:\Program Files\Docker\Docker\resources\bin;C:\Users\BASTI\AppData\Local\Programs\Python\Python313\Scripts\;C:\Users\BASTI\AppData\Local\Programs\Python\Python313\;C:\Users\BASTI\AppData\Local\Microsoft\WindowsApps;C:\Users\BASTI\AppData\Roaming\npm;C:\Users\BASTI\AppData\Local\Programs\Microsoft VS Code\bin
USERNAME=BASTI
OS=Windows_NT
PROCESSOR_IDENTIFIER=Intel64 Family 6 Model 140 Stepping 1, GenuineIntel
TMP=C:\Users\BASTI\AppData\Local\Temp
TEMP=C:\Users\BASTI\AppData\Local\Temp




Periodic native trim disabled

---------------  S Y S T E M  ---------------

OS:
 Windows 11 , 64 bit Build 26100 (10.0.26100.4202)
OS uptime: 1 days 12:49 hours
Hyper-V role detected

CPU: total 8 (initial active 8) (4 cores per cpu, 2 threads per core) family 6 model 140 stepping 1 microcode 0xba, cx8, cmov, fxsr, ht, mmx, 3dnowpref, sse, sse2, sse3, ssse3, sse4.1, sse4.2, popcnt, lzcnt, tsc, tscinvbit, avx, avx2, aes, erms, clmul, bmi1, bmi2, adx, avx512f, avx512dq, avx512cd, avx512bw, avx512vl, sha, fma, vzeroupper, avx512_vpopcntdq, avx512_vpclmulqdq, avx512_vaes, avx512_vnni, clflush, clflushopt, clwb, avx512_vbmi2, avx512_vbmi, hv, rdtscp, rdpid, fsrm, gfni, avx512_bitalg, f16c, cet_ibt, cet_ss, avx512_ifma
Processor Information for the first 8 processors :
  Max Mhz: 2995, Current Mhz: 2995, Mhz Limit: 2995

Memory: 4k page, system-wide physical 16064M (4769M free)
TotalPageFile size 22464M (AvailPageFile size 4840M)
current process WorkingSet (physical memory assigned to process): 160M, peak: 175M
current process commit charge ("private bytes"): 413M, peak: 427M

vm_info: OpenJDK 64-Bit Server VM (24.0.1+9-30) for windows-amd64 JRE (24.0.1+9-30), built on 2025-03-05T07:23:45Z with MS VC++ 17.6 (VS2022)

END.
